<?xml version="1.0" encoding="UTF-8"?>
<coverage generated="1722206632398" clover="3.2.0">
  <project timestamp="1722206632398" name="All files">
    <metrics statements="254" coveredstatements="226" conditionals="76" coveredconditionals="59" methods="71" coveredmethods="54" elements="401" coveredelements="339" complexity="0" loc="254" ncloc="254" packages="14" files="32" classes="32"/>
    <package name="api">
      <metrics statements="7" coveredstatements="7" conditionals="2" coveredconditionals="2" methods="4" coveredmethods="4"/>
      <file name="reduxApi.ts" path="E:\Program Files\VS Code\egorokunevich-REACT2024Q3\src\api\reduxApi.ts">
        <metrics statements="7" coveredstatements="7" conditionals="2" coveredconditionals="2" methods="4" coveredmethods="4"/>
        <line num="1" count="4" type="stmt"/>
        <line num="30" count="4" type="stmt"/>
        <line num="35" count="4" type="stmt"/>
        <line num="37" count="14" type="stmt"/>
        <line num="41" count="2" type="stmt"/>
        <line num="57" count="3" type="stmt"/>
        <line num="68" count="4" type="stmt"/>
      </file>
    </package>
    <package name="components.Buttons.Button">
      <metrics statements="4" coveredstatements="4" conditionals="0" coveredconditionals="0" methods="2" coveredmethods="2"/>
      <file name="Button.tsx" path="E:\Program Files\VS Code\egorokunevich-REACT2024Q3\src\components\Buttons\Button\Button.tsx">
        <metrics statements="3" coveredstatements="3" conditionals="0" coveredconditionals="0" methods="1" coveredmethods="1"/>
        <line num="1" count="5" type="stmt"/>
        <line num="10" count="2" type="stmt"/>
        <line num="23" count="5" type="stmt"/>
      </file>
      <file name="index.ts" path="E:\Program Files\VS Code\egorokunevich-REACT2024Q3\src\components\Buttons\Button\index.ts">
        <metrics statements="1" coveredstatements="1" conditionals="0" coveredconditionals="0" methods="1" coveredmethods="1"/>
        <line num="1" count="7" type="stmt"/>
      </file>
    </package>
    <package name="components.Flyout">
      <metrics statements="26" coveredstatements="25" conditionals="3" coveredconditionals="3" methods="8" coveredmethods="7"/>
      <file name="Flyout.tsx" path="E:\Program Files\VS Code\egorokunevich-REACT2024Q3\src\components\Flyout\Flyout.tsx">
        <metrics statements="25" coveredstatements="24" conditionals="3" coveredconditionals="3" methods="7" coveredmethods="6"/>
        <line num="1" count="4" type="stmt"/>
        <line num="2" count="4" type="stmt"/>
        <line num="3" count="4" type="stmt"/>
        <line num="4" count="4" type="stmt"/>
        <line num="5" count="4" type="stmt"/>
        <line num="13" count="4" type="stmt"/>
        <line num="14" count="1" type="stmt"/>
        <line num="16" count="1" type="stmt"/>
        <line num="17" count="1" type="stmt"/>
        <line num="20" count="1" type="stmt"/>
        <line num="22" count="1" type="stmt"/>
        <line num="23" count="1" type="stmt"/>
        <line num="24" count="4" type="cond" truecount="3" falsecount="0"/>
        <line num="25" count="4" type="stmt"/>
        <line num="29" count="1" type="stmt"/>
        <line num="31" count="1" type="stmt"/>
        <line num="34" count="4" type="stmt"/>
        <line num="35" count="1" type="stmt"/>
        <line num="37" count="1" type="stmt"/>
        <line num="39" count="1" type="stmt"/>
        <line num="42" count="4" type="stmt"/>
        <line num="43" count="1" type="stmt"/>
        <line num="45" count="1" type="stmt"/>
        <line num="54" count="0" type="stmt"/>
        <line num="70" count="4" type="stmt"/>
      </file>
      <file name="index.ts" path="E:\Program Files\VS Code\egorokunevich-REACT2024Q3\src\components\Flyout\index.ts">
        <metrics statements="1" coveredstatements="1" conditionals="0" coveredconditionals="0" methods="1" coveredmethods="1"/>
        <line num="1" count="5" type="stmt"/>
      </file>
    </package>
    <package name="components.Header">
      <metrics statements="5" coveredstatements="5" conditionals="0" coveredconditionals="0" methods="2" coveredmethods="2"/>
      <file name="Header.tsx" path="E:\Program Files\VS Code\egorokunevich-REACT2024Q3\src\components\Header\Header.tsx">
        <metrics statements="4" coveredstatements="4" conditionals="0" coveredconditionals="0" methods="1" coveredmethods="1"/>
        <line num="2" count="1" type="stmt"/>
        <line num="4" count="1" type="stmt"/>
        <line num="5" count="1" type="stmt"/>
        <line num="12" count="1" type="stmt"/>
      </file>
      <file name="index.ts" path="E:\Program Files\VS Code\egorokunevich-REACT2024Q3\src\components\Header\index.ts">
        <metrics statements="1" coveredstatements="1" conditionals="0" coveredconditionals="0" methods="1" coveredmethods="1"/>
        <line num="1" count="2" type="stmt"/>
      </file>
    </package>
    <package name="components.Loader">
      <metrics statements="4" coveredstatements="4" conditionals="0" coveredconditionals="0" methods="2" coveredmethods="2"/>
      <file name="Loader.tsx" path="E:\Program Files\VS Code\egorokunevich-REACT2024Q3\src\components\Loader\Loader.tsx">
        <metrics statements="3" coveredstatements="3" conditionals="0" coveredconditionals="0" methods="1" coveredmethods="1"/>
        <line num="1" count="3" type="stmt"/>
        <line num="4" count="35" type="stmt"/>
        <line num="12" count="3" type="stmt"/>
      </file>
      <file name="index.ts" path="E:\Program Files\VS Code\egorokunevich-REACT2024Q3\src\components\Loader\index.ts">
        <metrics statements="1" coveredstatements="1" conditionals="0" coveredconditionals="0" methods="1" coveredmethods="1"/>
        <line num="1" count="38" type="stmt"/>
      </file>
    </package>
    <package name="components.Pagination">
      <metrics statements="19" coveredstatements="18" conditionals="9" coveredconditionals="7" methods="5" coveredmethods="5"/>
      <file name="PageButton.tsx" path="E:\Program Files\VS Code\egorokunevich-REACT2024Q3\src\components\Pagination\PageButton.tsx">
        <metrics statements="9" coveredstatements="8" conditionals="5" coveredconditionals="4" methods="2" coveredmethods="2"/>
        <line num="1" count="4" type="stmt"/>
        <line num="2" count="4" type="stmt"/>
        <line num="10" count="4" type="stmt"/>
        <line num="11" count="19" type="stmt"/>
        <line num="12" count="19" type="stmt"/>
        <line num="20" count="1" type="stmt"/>
        <line num="21" count="1" type="cond" truecount="0" falsecount="1"/>
        <line num="22" count="0" type="stmt"/>
        <line num="32" count="4" type="stmt"/>
      </file>
      <file name="Pagination.tsx" path="E:\Program Files\VS Code\egorokunevich-REACT2024Q3\src\components\Pagination\Pagination.tsx">
        <metrics statements="9" coveredstatements="9" conditionals="4" coveredconditionals="3" methods="2" coveredmethods="2"/>
        <line num="1" count="3" type="stmt"/>
        <line num="2" count="3" type="stmt"/>
        <line num="3" count="3" type="stmt"/>
        <line num="11" count="3" type="stmt"/>
        <line num="12" count="2" type="stmt"/>
        <line num="14" count="2" type="stmt"/>
        <line num="19" count="2" type="stmt"/>
        <line num="23" count="18" type="stmt"/>
        <line num="35" count="3" type="stmt"/>
      </file>
      <file name="index.ts" path="E:\Program Files\VS Code\egorokunevich-REACT2024Q3\src\components\Pagination\index.ts">
        <metrics statements="1" coveredstatements="1" conditionals="0" coveredconditionals="0" methods="1" coveredmethods="1"/>
        <line num="1" count="5" type="stmt"/>
      </file>
    </package>
    <package name="components.PokeCard">
      <metrics statements="25" coveredstatements="21" conditionals="6" coveredconditionals="5" methods="6" coveredmethods="4"/>
      <file name="PokeCard.tsx" path="E:\Program Files\VS Code\egorokunevich-REACT2024Q3\src\components\PokeCard\PokeCard.tsx">
        <metrics statements="24" coveredstatements="20" conditionals="6" coveredconditionals="5" methods="5" coveredmethods="3"/>
        <line num="1" count="3" type="stmt"/>
        <line num="2" count="3" type="stmt"/>
        <line num="3" count="3" type="stmt"/>
        <line num="4" count="3" type="stmt"/>
        <line num="5" count="3" type="stmt"/>
        <line num="6" count="3" type="stmt"/>
        <line num="14" count="32" type="stmt"/>
        <line num="16" count="32" type="stmt"/>
        <line num="18" count="32" type="stmt"/>
        <line num="19" count="32" type="cond" truecount="2" falsecount="0"/>
        <line num="20" count="32" type="stmt"/>
        <line num="22" count="32" type="cond" truecount="1" falsecount="0"/>
        <line num="23" count="28" type="stmt"/>
        <line num="30" count="4" type="stmt"/>
        <line num="31" count="4" type="cond" truecount="1" falsecount="0"/>
        <line num="32" count="4" type="stmt"/>
        <line num="39" count="0" type="stmt"/>
        <line num="47" count="4" type="stmt"/>
        <line num="51" count="1" type="stmt"/>
        <line num="52" count="1" type="stmt"/>
        <line num="58" count="0" type="stmt"/>
        <line num="65" count="0" type="stmt"/>
        <line num="66" count="0" type="stmt"/>
        <line num="79" count="3" type="stmt"/>
      </file>
      <file name="index.ts" path="E:\Program Files\VS Code\egorokunevich-REACT2024Q3\src\components\PokeCard\index.ts">
        <metrics statements="1" coveredstatements="1" conditionals="0" coveredconditionals="0" methods="1" coveredmethods="1"/>
        <line num="1" count="19" type="stmt"/>
      </file>
    </package>
    <package name="components.ResultsList">
      <metrics statements="12" coveredstatements="11" conditionals="1" coveredconditionals="1" methods="4" coveredmethods="3"/>
      <file name="ResultsList.tsx" path="E:\Program Files\VS Code\egorokunevich-REACT2024Q3\src\components\ResultsList\ResultsList.tsx">
        <metrics statements="11" coveredstatements="10" conditionals="1" coveredconditionals="1" methods="3" coveredmethods="2"/>
        <line num="2" count="3" type="stmt"/>
        <line num="3" count="3" type="stmt"/>
        <line num="4" count="3" type="stmt"/>
        <line num="5" count="3" type="stmt"/>
        <line num="12" count="7" type="stmt"/>
        <line num="14" count="7" type="cond" truecount="1" falsecount="0"/>
        <line num="15" count="3" type="stmt"/>
        <line num="19" count="4" type="stmt"/>
        <line num="22" count="15" type="stmt"/>
        <line num="26" count="0" type="stmt"/>
        <line num="34" count="3" type="stmt"/>
      </file>
      <file name="index.ts" path="E:\Program Files\VS Code\egorokunevich-REACT2024Q3\src\components\ResultsList\index.ts">
        <metrics statements="1" coveredstatements="1" conditionals="0" coveredconditionals="0" methods="1" coveredmethods="1"/>
        <line num="1" count="10" type="stmt"/>
      </file>
    </package>
    <package name="components.SearchBar">
      <metrics statements="17" coveredstatements="10" conditionals="4" coveredconditionals="1" methods="6" coveredmethods="2"/>
      <file name="SearchBar.tsx" path="E:\Program Files\VS Code\egorokunevich-REACT2024Q3\src\components\SearchBar\SearchBar.tsx">
        <metrics statements="16" coveredstatements="9" conditionals="4" coveredconditionals="1" methods="5" coveredmethods="1"/>
        <line num="1" count="3" type="stmt"/>
        <line num="2" count="3" type="stmt"/>
        <line num="3" count="3" type="stmt"/>
        <line num="10" count="7" type="stmt"/>
        <line num="11" count="7" type="stmt"/>
        <line num="12" count="7" type="cond" truecount="1" falsecount="1"/>
        <line num="14" count="7" type="stmt"/>
        <line num="15" count="0" type="stmt"/>
        <line num="16" count="0" type="stmt"/>
        <line num="19" count="7" type="stmt"/>
        <line num="27" count="0" type="stmt"/>
        <line num="30" count="0" type="cond" truecount="0" falsecount="1"/>
        <line num="31" count="0" type="cond" truecount="0" falsecount="1"/>
        <line num="32" count="0" type="stmt"/>
        <line num="41" count="0" type="stmt"/>
        <line num="57" count="3" type="stmt"/>
      </file>
      <file name="index.ts" path="E:\Program Files\VS Code\egorokunevich-REACT2024Q3\src\components\SearchBar\index.ts">
        <metrics statements="1" coveredstatements="1" conditionals="0" coveredconditionals="0" methods="1" coveredmethods="1"/>
        <line num="1" count="10" type="stmt"/>
      </file>
    </package>
    <package name="hooks">
      <metrics statements="50" coveredstatements="49" conditionals="19" coveredconditionals="18" methods="9" coveredmethods="8"/>
      <file name="reduxHooks.ts" path="E:\Program Files\VS Code\egorokunevich-REACT2024Q3\src\hooks\reduxHooks.ts">
        <metrics statements="3" coveredstatements="3" conditionals="0" coveredconditionals="0" methods="0" coveredmethods="0"/>
        <line num="1" count="4" type="stmt"/>
        <line num="4" count="4" type="stmt"/>
        <line num="5" count="4" type="stmt"/>
      </file>
      <file name="useLocalStorage.tsx" path="E:\Program Files\VS Code\egorokunevich-REACT2024Q3\src\hooks\useLocalStorage.tsx">
        <metrics statements="9" coveredstatements="8" conditionals="4" coveredconditionals="4" methods="3" coveredmethods="2"/>
        <line num="1" count="3" type="stmt"/>
        <line num="3" count="3" type="cond" truecount="2" falsecount="0"/>
        <line num="4" count="3" type="stmt"/>
        <line num="5" count="3" type="stmt"/>
        <line num="8" count="3" type="stmt"/>
        <line num="12" count="21" type="stmt"/>
        <line num="17" count="21" type="stmt"/>
        <line num="18" count="0" type="stmt"/>
        <line num="21" count="21" type="stmt"/>
      </file>
      <file name="usePagination.tsx" path="E:\Program Files\VS Code\egorokunevich-REACT2024Q3\src\hooks\usePagination.tsx">
        <metrics statements="31" coveredstatements="31" conditionals="11" coveredconditionals="11" methods="4" coveredmethods="4"/>
        <line num="3" count="4" type="stmt"/>
        <line num="4" count="9" type="cond" truecount="1" falsecount="0"/>
        <line num="5" count="3" type="stmt"/>
        <line num="7" count="6" type="stmt"/>
        <line num="8" count="38" type="stmt"/>
        <line num="16" count="4" type="stmt"/>
        <line num="17" count="4" type="stmt"/>
        <line num="19" count="4" type="stmt"/>
        <line num="20" count="6" type="stmt"/>
        <line num="22" count="6" type="stmt"/>
        <line num="23" count="6" type="stmt"/>
        <line num="25" count="6" type="cond" truecount="1" falsecount="0"/>
        <line num="26" count="1" type="stmt"/>
        <line num="29" count="5" type="stmt"/>
        <line num="33" count="5" type="stmt"/>
        <line num="38" count="5" type="stmt"/>
        <line num="40" count="5" type="stmt"/>
        <line num="42" count="5" type="stmt"/>
        <line num="43" count="5" type="stmt"/>
        <line num="45" count="5" type="cond" truecount="3" falsecount="0"/>
        <line num="47" count="3" type="stmt"/>
        <line num="48" count="3" type="stmt"/>
        <line num="50" count="3" type="stmt"/>
        <line num="53" count="2" type="cond" truecount="3" falsecount="0"/>
        <line num="55" count="1" type="stmt"/>
        <line num="56" count="1" type="stmt"/>
        <line num="60" count="1" type="stmt"/>
        <line num="63" count="1" type="cond" truecount="3" falsecount="0"/>
        <line num="64" count="1" type="stmt"/>
        <line num="65" count="1" type="stmt"/>
        <line num="69" count="6" type="stmt"/>
      </file>
      <file name="useTabTitle.tsx" path="E:\Program Files\VS Code\egorokunevich-REACT2024Q3\src\hooks\useTabTitle.tsx">
        <metrics statements="7" coveredstatements="7" conditionals="4" coveredconditionals="3" methods="2" coveredmethods="2"/>
        <line num="1" count="3" type="cond" truecount="2" falsecount="0"/>
        <line num="2" count="3" type="stmt"/>
        <line num="3" count="3" type="stmt"/>
        <line num="4" count="3" type="stmt"/>
        <line num="7" count="3" type="stmt"/>
        <line num="8" count="14" type="cond" truecount="1" falsecount="1"/>
        <line num="11" count="3" type="stmt"/>
      </file>
    </package>
    <package name="pages.SearchPage">
      <metrics statements="44" coveredstatements="39" conditionals="30" coveredconditionals="22" methods="8" coveredmethods="5"/>
      <file name="SearchPage.tsx" path="E:\Program Files\VS Code\egorokunevich-REACT2024Q3\src\pages\SearchPage\SearchPage.tsx">
        <metrics statements="43" coveredstatements="38" conditionals="30" coveredconditionals="22" methods="7" coveredmethods="4"/>
        <line num="1" count="3" type="stmt"/>
        <line num="2" count="3" type="stmt"/>
        <line num="3" count="3" type="stmt"/>
        <line num="4" count="3" type="stmt"/>
        <line num="5" count="3" type="stmt"/>
        <line num="6" count="3" type="stmt"/>
        <line num="7" count="3" type="stmt"/>
        <line num="8" count="3" type="stmt"/>
        <line num="9" count="3" type="stmt"/>
        <line num="10" count="3" type="stmt"/>
        <line num="11" count="3" type="stmt"/>
        <line num="12" count="3" type="stmt"/>
        <line num="16" count="3" type="stmt"/>
        <line num="17" count="3" type="stmt"/>
        <line num="19" count="3" type="stmt"/>
        <line num="21" count="3" type="cond" truecount="0" falsecount="1"/>
        <line num="22" count="14" type="stmt"/>
        <line num="25" count="14" type="stmt"/>
        <line num="26" count="14" type="cond" truecount="2" falsecount="0"/>
        <line num="28" count="14" type="stmt"/>
        <line num="33" count="14" type="stmt"/>
        <line num="35" count="14" type="stmt"/>
        <line num="37" count="14" type="stmt"/>
        <line num="39" count="14" type="stmt"/>
        <line num="40" count="0" type="stmt"/>
        <line num="47" count="14" type="stmt"/>
        <line num="53" count="14" type="stmt"/>
        <line num="54" count="14" type="stmt"/>
        <line num="56" count="14" type="stmt"/>
        <line num="57" count="8" type="cond" truecount="1" falsecount="0"/>
        <line num="58" count="4" type="cond" truecount="1" falsecount="1"/>
        <line num="62" count="4" type="stmt"/>
        <line num="64" count="0" type="stmt"/>
        <line num="67" count="8" type="cond" truecount="0" falsecount="1"/>
        <line num="68" count="0" type="stmt"/>
        <line num="72" count="14" type="cond" truecount="1" falsecount="0"/>
        <line num="73" count="7" type="stmt"/>
        <line num="76" count="7" type="cond" truecount="8" falsecount="2"/>
        <line num="78" count="7" type="stmt"/>
        <line num="84" count="1" type="stmt"/>
        <line num="90" count="0" type="stmt"/>
        <line num="105" count="0" type="stmt"/>
        <line num="121" count="3" type="stmt"/>
      </file>
      <file name="index.ts" path="E:\Program Files\VS Code\egorokunevich-REACT2024Q3\src\pages\SearchPage\index.ts">
        <metrics statements="1" coveredstatements="1" conditionals="0" coveredconditionals="0" methods="1" coveredmethods="1"/>
        <line num="1" count="8" type="stmt"/>
      </file>
    </package>
    <package name="store">
      <metrics statements="23" coveredstatements="15" conditionals="2" coveredconditionals="0" methods="9" coveredmethods="4"/>
      <file name="index.ts" path="E:\Program Files\VS Code\egorokunevich-REACT2024Q3\src\store\index.ts">
        <metrics statements="5" coveredstatements="5" conditionals="0" coveredconditionals="0" methods="1" coveredmethods="1"/>
        <line num="1" count="4" type="stmt"/>
        <line num="2" count="4" type="stmt"/>
        <line num="3" count="4" type="stmt"/>
        <line num="5" count="4" type="stmt"/>
        <line num="11" count="4" type="stmt"/>
      </file>
      <file name="pokemonsSlice.ts" path="E:\Program Files\VS Code\egorokunevich-REACT2024Q3\src\store\pokemonsSlice.ts">
        <metrics statements="14" coveredstatements="6" conditionals="2" coveredconditionals="0" methods="6" coveredmethods="1"/>
        <line num="2" count="4" type="stmt"/>
        <line num="10" count="4" type="stmt"/>
        <line num="16" count="4" type="stmt"/>
        <line num="21" count="4" type="stmt"/>
        <line num="24" count="0" type="stmt"/>
        <line num="25" count="0" type="stmt"/>
        <line num="28" count="0" type="cond" truecount="0" falsecount="2"/>
        <line num="29" count="0" type="stmt"/>
        <line num="30" count="0" type="stmt"/>
        <line num="33" count="0" type="stmt"/>
        <line num="37" count="0" type="stmt"/>
        <line num="40" count="0" type="stmt"/>
        <line num="45" count="4" type="stmt"/>
        <line num="52" count="4" type="stmt"/>
      </file>
      <file name="selectors.ts" path="E:\Program Files\VS Code\egorokunevich-REACT2024Q3\src\store\selectors.ts">
        <metrics statements="4" coveredstatements="4" conditionals="0" coveredconditionals="0" methods="2" coveredmethods="2"/>
        <line num="3" count="3" type="stmt"/>
        <line num="4" count="39" type="stmt"/>
        <line num="6" count="3" type="stmt"/>
        <line num="7" count="62" type="stmt"/>
      </file>
    </package>
    <package name="tests.mocks">
      <metrics statements="14" coveredstatements="14" conditionals="0" coveredconditionals="0" methods="4" coveredmethods="4"/>
      <file name="handlers.ts" path="E:\Program Files\VS Code\egorokunevich-REACT2024Q3\src\tests\mocks\handlers.ts">
        <metrics statements="9" coveredstatements="9" conditionals="0" coveredconditionals="0" methods="4" coveredmethods="4"/>
        <line num="1" count="2" type="stmt"/>
        <line num="2" count="2" type="stmt"/>
        <line num="4" count="2" type="stmt"/>
        <line num="5" count="2" type="stmt"/>
        <line num="6" count="2" type="stmt"/>
        <line num="7" count="2" type="stmt"/>
        <line num="9" count="2" type="stmt"/>
        <line num="10" count="2" type="stmt"/>
        <line num="11" count="2" type="stmt"/>
      </file>
      <file name="mockedPokemon.ts" path="E:\Program Files\VS Code\egorokunevich-REACT2024Q3\src\tests\mocks\mockedPokemon.ts">
        <metrics statements="2" coveredstatements="2" conditionals="0" coveredconditionals="0" methods="0" coveredmethods="0"/>
        <line num="3" count="3" type="stmt"/>
        <line num="22" count="3" type="stmt"/>
      </file>
      <file name="server.ts" path="E:\Program Files\VS Code\egorokunevich-REACT2024Q3\src\tests\mocks\server.ts">
        <metrics statements="3" coveredstatements="3" conditionals="0" coveredconditionals="0" methods="0" coveredmethods="0"/>
        <line num="1" count="2" type="stmt"/>
        <line num="2" count="2" type="stmt"/>
        <line num="4" count="2" type="stmt"/>
      </file>
    </package>
    <package name="utils">
      <metrics statements="4" coveredstatements="4" conditionals="0" coveredconditionals="0" methods="2" coveredmethods="2"/>
      <file name="CapitalizeFirstLetter.ts" path="E:\Program Files\VS Code\egorokunevich-REACT2024Q3\src\utils\CapitalizeFirstLetter.ts">
        <metrics statements="2" coveredstatements="2" conditionals="0" coveredconditionals="0" methods="1" coveredmethods="1"/>
        <line num="1" count="1" type="stmt"/>
        <line num="2" count="3" type="stmt"/>
      </file>
      <file name="GetPagesCount.ts" path="E:\Program Files\VS Code\egorokunevich-REACT2024Q3\src\utils\GetPagesCount.ts">
        <metrics statements="2" coveredstatements="2" conditionals="0" coveredconditionals="0" methods="1" coveredmethods="1"/>
        <line num="1" count="1" type="stmt"/>
        <line num="2" count="3" type="stmt"/>
      </file>
    </package>
  </project>
</coverage>
