{"E:\\Program Files\\VS Code\\egorokunevich-REACT2024Q3\\src\\api\\reduxApi.ts": {"path":"E:\\Program Files\\VS Code\\egorokunevich-REACT2024Q3\\src\\api\\reduxApi.ts","statementMap":{"0":{"start":{"line":1,"column":0},"end":{"line":1,"column":73}},"1":{"start":{"line":30,"column":13},"end":{"line":66,"column":3}},"2":{"start":{"line":35,"column":25},"end":{"line":65,"column":4}},"3":{"start":{"line":37,"column":33},"end":{"line":39,"column":8}},"4":{"start":{"line":41,"column":8},"end":{"line":53,"column":10}},"5":{"start":{"line":57,"column":43},"end":{"line":63,"column":8}},"6":{"start":{"line":68,"column":15},"end":{"line":68,"column":70}}},"fnMap":{"0":{"name":"(anonymous_0)","decl":{"start":{"line":35,"column":13},"end":{"line":35,"column":14}},"loc":{"start":{"line":35,"column":25},"end":{"line":65,"column":4}}},"1":{"name":"(anonymous_1)","decl":{"start":{"line":37,"column":13},"end":{"line":37,"column":14}},"loc":{"start":{"line":37,"column":33},"end":{"line":39,"column":8}}},"2":{"name":"(anonymous_2)","decl":{"start":{"line":40,"column":6},"end":{"line":40,"column":23}},"loc":{"start":{"line":40,"column":41},"end":{"line":54,"column":7}}},"3":{"name":"(anonymous_3)","decl":{"start":{"line":57,"column":13},"end":{"line":57,"column":14}},"loc":{"start":{"line":57,"column":43},"end":{"line":63,"column":8}}}},"branchMap":{"0":{"loc":{"start":{"line":58,"column":25},"end":{"line":58,"column":35}},"type":"binary-expr","locations":[{"start":{"line":58,"column":25},"end":{"line":58,"column":29}},{"start":{"line":58,"column":33},"end":{"line":58,"column":35}}]}},"s":{"0":4,"1":4,"2":4,"3":14,"4":2,"5":3,"6":4},"f":{"0":4,"1":14,"2":2,"3":3},"b":{"0":[3,3]}}
,"E:\\Program Files\\VS Code\\egorokunevich-REACT2024Q3\\src\\components\\Buttons\\Button\\Button.tsx": {"path":"E:\\Program Files\\VS Code\\egorokunevich-REACT2024Q3\\src\\components\\Buttons\\Button\\Button.tsx","statementMap":{"0":{"start":{"line":1,"column":0},"end":{"line":1,"column":42}},"1":{"start":{"line":10,"column":2},"end":{"line":20,"column":4}},"2":{"start":{"line":23,"column":0},"end":{"line":23,"column":22}}},"fnMap":{"0":{"name":"Button","decl":{"start":{"line":9,"column":9},"end":{"line":9,"column":15}},"loc":{"start":{"line":9,"column":34},"end":{"line":21,"column":1}}}},"branchMap":{},"s":{"0":5,"1":2,"2":5},"f":{"0":2},"b":{}}
,"E:\\Program Files\\VS Code\\egorokunevich-REACT2024Q3\\src\\components\\Buttons\\Button\\index.ts": {"path":"E:\\Program Files\\VS Code\\egorokunevich-REACT2024Q3\\src\\components\\Buttons\\Button\\index.ts","statementMap":{"0":{"start":{"line":1,"column":0},"end":{"line":1,"column":9}},"1":{"start":{"line":1,"column":9},"end":{"line":1,"column":39}}},"fnMap":{"0":{"name":"(anonymous_1)","decl":{"start":{"line":1,"column":9},"end":{"line":1,"column":16}},"loc":{"start":{"line":1,"column":9},"end":{"line":1,"column":39}}}},"branchMap":{},"s":{"0":5,"1":7},"f":{"0":2},"b":{}}
,"E:\\Program Files\\VS Code\\egorokunevich-REACT2024Q3\\src\\components\\Flyout\\Flyout.tsx": {"path":"E:\\Program Files\\VS Code\\egorokunevich-REACT2024Q3\\src\\components\\Flyout\\Flyout.tsx","statementMap":{"0":{"start":{"line":1,"column":0},"end":{"line":1,"column":52}},"1":{"start":{"line":2,"column":0},"end":{"line":2,"column":49}},"2":{"start":{"line":3,"column":0},"end":{"line":3,"column":42}},"3":{"start":{"line":4,"column":0},"end":{"line":4,"column":71}},"4":{"start":{"line":5,"column":0},"end":{"line":5,"column":60}},"5":{"start":{"line":13,"column":21},"end":{"line":32,"column":1}},"6":{"start":{"line":14,"column":38},"end":{"line":18,"column":4}},"7":{"start":{"line":16,"column":36},"end":{"line":16,"column":40}},"8":{"start":{"line":16,"column":31},"end":{"line":16,"column":36}},"9":{"start":{"line":17,"column":4},"end":{"line":17,"column":19}},"10":{"start":{"line":20,"column":18},"end":{"line":20,"column":49}},"11":{"start":{"line":22,"column":19},"end":{"line":28,"column":4}},"12":{"start":{"line":23,"column":4},"end":{"line":27,"column":7}},"13":{"start":{"line":24,"column":6},"end":{"line":26,"column":7}},"14":{"start":{"line":25,"column":8},"end":{"line":25,"column":21}},"15":{"start":{"line":29,"column":2},"end":{"line":29,"column":49}},"16":{"start":{"line":31,"column":2},"end":{"line":31,"column":43}},"17":{"start":{"line":34,"column":24},"end":{"line":40,"column":1}},"18":{"start":{"line":35,"column":15},"end":{"line":35,"column":60}},"19":{"start":{"line":37,"column":22},"end":{"line":37,"column":47}},"20":{"start":{"line":39,"column":2},"end":{"line":39,"column":21}},"21":{"start":{"line":42,"column":15},"end":{"line":68,"column":1}},"22":{"start":{"line":43,"column":19},"end":{"line":43,"column":35}},"23":{"start":{"line":45,"column":2},"end":{"line":67,"column":4}},"24":{"start":{"line":54,"column":25},"end":{"line":54,"column":56}},"25":{"start":{"line":70,"column":0},"end":{"line":70,"column":22}}},"fnMap":{"0":{"name":"(anonymous_2)","decl":{"start":{"line":13,"column":21},"end":{"line":13,"column":22}},"loc":{"start":{"line":13,"column":44},"end":{"line":32,"column":1}}},"1":{"name":"(anonymous_3)","decl":{"start":{"line":14,"column":50},"end":{"line":14,"column":51}},"loc":{"start":{"line":14,"column":59},"end":{"line":18,"column":3}}},"2":{"name":"(anonymous_4)","decl":{"start":{"line":22,"column":28},"end":{"line":22,"column":29}},"loc":{"start":{"line":22,"column":37},"end":{"line":28,"column":3}}},"3":{"name":"(anonymous_5)","decl":{"start":{"line":23,"column":38},"end":{"line":23,"column":39}},"loc":{"start":{"line":23,"column":48},"end":{"line":27,"column":5}}},"4":{"name":"(anonymous_6)","decl":{"start":{"line":34,"column":24},"end":{"line":34,"column":25}},"loc":{"start":{"line":34,"column":41},"end":{"line":40,"column":1}}},"5":{"name":"(anonymous_7)","decl":{"start":{"line":42,"column":15},"end":{"line":42,"column":16}},"loc":{"start":{"line":42,"column":53},"end":{"line":68,"column":1}}},"6":{"name":"(anonymous_8)","decl":{"start":{"line":54,"column":19},"end":{"line":54,"column":22}},"loc":{"start":{"line":54,"column":25},"end":{"line":54,"column":56}}}},"branchMap":{"0":{"loc":{"start":{"line":24,"column":6},"end":{"line":26,"column":7}},"type":"if","locations":[{"start":{"line":24,"column":6},"end":{"line":26,"column":7}}]},"1":{"loc":{"start":{"line":24,"column":10},"end":{"line":24,"column":64}},"type":"binary-expr","locations":[{"start":{"line":24,"column":10},"end":{"line":24,"column":35}},{"start":{"line":24,"column":39},"end":{"line":24,"column":64}}]}},"s":{"0":4,"1":4,"2":4,"3":4,"4":4,"5":4,"6":1,"7":1,"8":1,"9":1,"10":1,"11":1,"12":1,"13":4,"14":4,"15":1,"16":1,"17":4,"18":1,"19":1,"20":1,"21":4,"22":1,"23":1,"24":0,"25":4},"f":{"0":1,"1":1,"2":1,"3":4,"4":1,"5":1,"6":0},"b":{"0":[4],"1":[4,3]}}
,"E:\\Program Files\\VS Code\\egorokunevich-REACT2024Q3\\src\\components\\Flyout\\index.ts": {"path":"E:\\Program Files\\VS Code\\egorokunevich-REACT2024Q3\\src\\components\\Flyout\\index.ts","statementMap":{"0":{"start":{"line":1,"column":0},"end":{"line":1,"column":9}},"1":{"start":{"line":1,"column":9},"end":{"line":1,"column":39}}},"fnMap":{"0":{"name":"(anonymous_1)","decl":{"start":{"line":1,"column":9},"end":{"line":1,"column":16}},"loc":{"start":{"line":1,"column":9},"end":{"line":1,"column":39}}}},"branchMap":{},"s":{"0":4,"1":5},"f":{"0":1},"b":{}}
,"E:\\Program Files\\VS Code\\egorokunevich-REACT2024Q3\\src\\components\\Header\\Header.tsx": {"path":"E:\\Program Files\\VS Code\\egorokunevich-REACT2024Q3\\src\\components\\Header\\Header.tsx","statementMap":{"0":{"start":{"line":2,"column":0},"end":{"line":2,"column":42}},"1":{"start":{"line":4,"column":15},"end":{"line":10,"column":1}},"2":{"start":{"line":5,"column":2},"end":{"line":9,"column":4}},"3":{"start":{"line":12,"column":0},"end":{"line":12,"column":22}}},"fnMap":{"0":{"name":"(anonymous_1)","decl":{"start":{"line":4,"column":15},"end":{"line":4,"column":16}},"loc":{"start":{"line":4,"column":51},"end":{"line":10,"column":1}}}},"branchMap":{},"s":{"0":1,"1":1,"2":1,"3":1},"f":{"0":1},"b":{}}
,"E:\\Program Files\\VS Code\\egorokunevich-REACT2024Q3\\src\\components\\Header\\index.ts": {"path":"E:\\Program Files\\VS Code\\egorokunevich-REACT2024Q3\\src\\components\\Header\\index.ts","statementMap":{"0":{"start":{"line":1,"column":0},"end":{"line":1,"column":9}},"1":{"start":{"line":1,"column":9},"end":{"line":1,"column":39}}},"fnMap":{"0":{"name":"(anonymous_1)","decl":{"start":{"line":1,"column":9},"end":{"line":1,"column":16}},"loc":{"start":{"line":1,"column":9},"end":{"line":1,"column":39}}}},"branchMap":{},"s":{"0":1,"1":2},"f":{"0":1},"b":{}}
,"E:\\Program Files\\VS Code\\egorokunevich-REACT2024Q3\\src\\components\\Loader\\Loader.tsx": {"path":"E:\\Program Files\\VS Code\\egorokunevich-REACT2024Q3\\src\\components\\Loader\\Loader.tsx","statementMap":{"0":{"start":{"line":1,"column":0},"end":{"line":1,"column":42}},"1":{"start":{"line":4,"column":2},"end":{"line":9,"column":4}},"2":{"start":{"line":12,"column":0},"end":{"line":12,"column":22}}},"fnMap":{"0":{"name":"Loader","decl":{"start":{"line":3,"column":9},"end":{"line":3,"column":15}},"loc":{"start":{"line":3,"column":15},"end":{"line":10,"column":1}}}},"branchMap":{},"s":{"0":3,"1":35,"2":3},"f":{"0":35},"b":{}}
,"E:\\Program Files\\VS Code\\egorokunevich-REACT2024Q3\\src\\components\\Loader\\index.ts": {"path":"E:\\Program Files\\VS Code\\egorokunevich-REACT2024Q3\\src\\components\\Loader\\index.ts","statementMap":{"0":{"start":{"line":1,"column":0},"end":{"line":1,"column":9}},"1":{"start":{"line":1,"column":9},"end":{"line":1,"column":35}}},"fnMap":{"0":{"name":"(anonymous_1)","decl":{"start":{"line":1,"column":9},"end":{"line":1,"column":16}},"loc":{"start":{"line":1,"column":9},"end":{"line":1,"column":35}}}},"branchMap":{},"s":{"0":3,"1":38},"f":{"0":35},"b":{}}
,"E:\\Program Files\\VS Code\\egorokunevich-REACT2024Q3\\src\\components\\Pagination\\PageButton.tsx": {"path":"E:\\Program Files\\VS Code\\egorokunevich-REACT2024Q3\\src\\components\\Pagination\\PageButton.tsx","statementMap":{"0":{"start":{"line":1,"column":0},"end":{"line":1,"column":46}},"1":{"start":{"line":2,"column":0},"end":{"line":2,"column":37}},"2":{"start":{"line":10,"column":19},"end":{"line":30,"column":1}},"3":{"start":{"line":11,"column":41},"end":{"line":11,"column":46}},"4":{"start":{"line":12,"column":2},"end":{"line":29,"column":4}},"5":{"start":{"line":20,"column":8},"end":{"line":20,"column":28}},"6":{"start":{"line":21,"column":8},"end":{"line":23,"column":9}},"7":{"start":{"line":22,"column":10},"end":{"line":22,"column":28}},"8":{"start":{"line":32,"column":0},"end":{"line":32,"column":26}}},"fnMap":{"0":{"name":"(anonymous_1)","decl":{"start":{"line":10,"column":19},"end":{"line":10,"column":20}},"loc":{"start":{"line":10,"column":46},"end":{"line":30,"column":1}}},"1":{"name":"(anonymous_2)","decl":{"start":{"line":19,"column":15},"end":{"line":19,"column":16}},"loc":{"start":{"line":19,"column":21},"end":{"line":24,"column":7}}}},"branchMap":{"0":{"loc":{"start":{"line":16,"column":15},"end":{"line":16,"column":68}},"type":"cond-expr","locations":[{"start":{"line":16,"column":26},"end":{"line":16,"column":43}},{"start":{"line":16,"column":46},"end":{"line":16,"column":68}}]},"1":{"loc":{"start":{"line":17,"column":25},"end":{"line":17,"column":78}},"type":"cond-expr","locations":[{"start":{"line":17,"column":36},"end":{"line":17,"column":58}},{"start":{"line":17,"column":61},"end":{"line":17,"column":78}}]},"2":{"loc":{"start":{"line":21,"column":8},"end":{"line":23,"column":9}},"type":"if","locations":[{"start":{"line":21,"column":8},"end":{"line":23,"column":9}}]}},"s":{"0":4,"1":4,"2":4,"3":19,"4":19,"5":1,"6":1,"7":0,"8":4},"f":{"0":19,"1":1},"b":{"0":[2,17],"1":[2,17],"2":[0]}}
,"E:\\Program Files\\VS Code\\egorokunevich-REACT2024Q3\\src\\components\\Pagination\\Pagination.tsx": {"path":"E:\\Program Files\\VS Code\\egorokunevich-REACT2024Q3\\src\\components\\Pagination\\Pagination.tsx","statementMap":{"0":{"start":{"line":1,"column":0},"end":{"line":1,"column":54}},"1":{"start":{"line":2,"column":0},"end":{"line":2,"column":46}},"2":{"start":{"line":3,"column":0},"end":{"line":3,"column":38}},"3":{"start":{"line":11,"column":19},"end":{"line":33,"column":1}},"4":{"start":{"line":12,"column":51},"end":{"line":12,"column":56}},"5":{"start":{"line":14,"column":26},"end":{"line":17,"column":4}},"6":{"start":{"line":19,"column":2},"end":{"line":32,"column":4}},"7":{"start":{"line":23,"column":10},"end":{"line":24,"column":null}},"8":{"start":{"line":35,"column":0},"end":{"line":35,"column":26}}},"fnMap":{"0":{"name":"(anonymous_1)","decl":{"start":{"line":11,"column":19},"end":{"line":11,"column":20}},"loc":{"start":{"line":11,"column":46},"end":{"line":33,"column":1}}},"1":{"name":"(anonymous_2)","decl":{"start":{"line":22,"column":30},"end":{"line":22,"column":31}},"loc":{"start":{"line":23,"column":10},"end":{"line":24,"column":null}}}},"branchMap":{"0":{"loc":{"start":{"line":22,"column":9},"end":{"line":29,"column":10}},"type":"cond-expr","locations":[{"start":{"line":22,"column":24},"end":{"line":22,"column":26}},{"start":{"line":22,"column":9},"end":{"line":29,"column":10}}]},"1":{"loc":{"start":{"line":22,"column":9},"end":{"line":22,"column":26}},"type":"binary-expr","locations":[{"start":{"line":22,"column":9},"end":{"line":22,"column":26}},{"start":{"line":22,"column":9},"end":{"line":22,"column":26}}]}},"s":{"0":3,"1":3,"2":3,"3":3,"4":2,"5":2,"6":2,"7":18,"8":3},"f":{"0":2,"1":18},"b":{"0":[0,2],"1":[2,2]}}
,"E:\\Program Files\\VS Code\\egorokunevich-REACT2024Q3\\src\\components\\Pagination\\index.ts": {"path":"E:\\Program Files\\VS Code\\egorokunevich-REACT2024Q3\\src\\components\\Pagination\\index.ts","statementMap":{"0":{"start":{"line":1,"column":0},"end":{"line":1,"column":9}},"1":{"start":{"line":1,"column":9},"end":{"line":1,"column":43}}},"fnMap":{"0":{"name":"(anonymous_1)","decl":{"start":{"line":1,"column":9},"end":{"line":1,"column":16}},"loc":{"start":{"line":1,"column":9},"end":{"line":1,"column":43}}}},"branchMap":{},"s":{"0":3,"1":5},"f":{"0":2},"b":{}}
,"E:\\Program Files\\VS Code\\egorokunevich-REACT2024Q3\\src\\components\\PokeCard\\PokeCard.tsx": {"path":"E:\\Program Files\\VS Code\\egorokunevich-REACT2024Q3\\src\\components\\PokeCard\\PokeCard.tsx","statementMap":{"0":{"start":{"line":1,"column":0},"end":{"line":1,"column":44}},"1":{"start":{"line":2,"column":0},"end":{"line":2,"column":64}},"2":{"start":{"line":3,"column":0},"end":{"line":3,"column":41}},"3":{"start":{"line":4,"column":0},"end":{"line":4,"column":52}},"4":{"start":{"line":5,"column":0},"end":{"line":5,"column":52}},"5":{"start":{"line":6,"column":0},"end":{"line":6,"column":63}},"6":{"start":{"line":14,"column":28},"end":{"line":14,"column":52}},"7":{"start":{"line":16,"column":19},"end":{"line":16,"column":35}},"8":{"start":{"line":18,"column":25},"end":{"line":18,"column":42}},"9":{"start":{"line":19,"column":15},"end":{"line":19,"column":46}},"10":{"start":{"line":20,"column":19},"end":{"line":20,"column":32}},"11":{"start":{"line":22,"column":2},"end":{"line":28,"column":3}},"12":{"start":{"line":23,"column":4},"end":{"line":27,"column":6}},"13":{"start":{"line":30,"column":22},"end":{"line":45,"column":3}},"14":{"start":{"line":31,"column":4},"end":{"line":38,"column":5}},"15":{"start":{"line":32,"column":6},"end":{"line":37,"column":8}},"16":{"start":{"line":39,"column":4},"end":{"line":44,"column":6}},"17":{"start":{"line":47,"column":2},"end":{"line":76,"column":4}},"18":{"start":{"line":51,"column":8},"end":{"line":51,"column":28}},"19":{"start":{"line":52,"column":8},"end":{"line":52,"column":58}},"20":{"start":{"line":58,"column":24},"end":{"line":58,"column":43}},"21":{"start":{"line":65,"column":12},"end":{"line":65,"column":32}},"22":{"start":{"line":66,"column":12},"end":{"line":66,"column":54}},"23":{"start":{"line":79,"column":0},"end":{"line":79,"column":24}}},"fnMap":{"0":{"name":"PokeCard","decl":{"start":{"line":13,"column":9},"end":{"line":13,"column":17}},"loc":{"start":{"line":13,"column":53},"end":{"line":77,"column":1}}},"1":{"name":"(anonymous_2)","decl":{"start":{"line":30,"column":22},"end":{"line":30,"column":25}},"loc":{"start":{"line":30,"column":27},"end":{"line":45,"column":3}}},"2":{"name":"(anonymous_3)","decl":{"start":{"line":50,"column":15},"end":{"line":50,"column":16}},"loc":{"start":{"line":50,"column":21},"end":{"line":53,"column":7}}},"3":{"name":"(anonymous_4)","decl":{"start":{"line":58,"column":17},"end":{"line":58,"column":18}},"loc":{"start":{"line":58,"column":24},"end":{"line":58,"column":43}}},"4":{"name":"(anonymous_5)","decl":{"start":{"line":64,"column":20},"end":{"line":64,"column":21}},"loc":{"start":{"line":64,"column":26},"end":{"line":67,"column":11}}}},"branchMap":{"0":{"loc":{"start":{"line":19,"column":15},"end":{"line":19,"column":46}},"type":"binary-expr","locations":[{"start":{"line":19,"column":15},"end":{"line":19,"column":39}},{"start":{"line":19,"column":43},"end":{"line":19,"column":46}}]},"1":{"loc":{"start":{"line":22,"column":2},"end":{"line":28,"column":3}},"type":"if","locations":[{"start":{"line":22,"column":2},"end":{"line":28,"column":3}}]},"2":{"loc":{"start":{"line":31,"column":4},"end":{"line":38,"column":5}},"type":"if","locations":[{"start":{"line":31,"column":4},"end":{"line":38,"column":5}}]},"3":{"loc":{"start":{"line":69,"column":9},"end":{"line":69,"column":68}},"type":"binary-expr","locations":[{"start":{"line":69,"column":9},"end":{"line":69,"column":19}},{"start":{"line":69,"column":23},"end":{"line":69,"column":68}}]}},"s":{"0":3,"1":3,"2":3,"3":3,"4":3,"5":3,"6":32,"7":32,"8":32,"9":32,"10":32,"11":32,"12":28,"13":4,"14":4,"15":4,"16":0,"17":4,"18":1,"19":1,"20":0,"21":0,"22":0,"23":3},"f":{"0":32,"1":4,"2":1,"3":0,"4":0},"b":{"0":[32,32],"1":[28],"2":[4],"3":[4,0]}}
,"E:\\Program Files\\VS Code\\egorokunevich-REACT2024Q3\\src\\components\\PokeCard\\index.ts": {"path":"E:\\Program Files\\VS Code\\egorokunevich-REACT2024Q3\\src\\components\\PokeCard\\index.ts","statementMap":{"0":{"start":{"line":1,"column":0},"end":{"line":1,"column":9}},"1":{"start":{"line":1,"column":9},"end":{"line":1,"column":37}}},"fnMap":{"0":{"name":"(anonymous_1)","decl":{"start":{"line":1,"column":9},"end":{"line":1,"column":16}},"loc":{"start":{"line":1,"column":9},"end":{"line":1,"column":37}}}},"branchMap":{},"s":{"0":3,"1":19},"f":{"0":16},"b":{}}
,"E:\\Program Files\\VS Code\\egorokunevich-REACT2024Q3\\src\\components\\ResultsList\\ResultsList.tsx": {"path":"E:\\Program Files\\VS Code\\egorokunevich-REACT2024Q3\\src\\components\\ResultsList\\ResultsList.tsx","statementMap":{"0":{"start":{"line":2,"column":0},"end":{"line":2,"column":45}},"1":{"start":{"line":3,"column":0},"end":{"line":3,"column":47}},"2":{"start":{"line":4,"column":0},"end":{"line":4,"column":52}},"3":{"start":{"line":5,"column":0},"end":{"line":5,"column":64}},"4":{"start":{"line":12,"column":27},"end":{"line":12,"column":70}},"5":{"start":{"line":14,"column":2},"end":{"line":18,"column":3}},"6":{"start":{"line":15,"column":4},"end":{"line":17,"column":6}},"7":{"start":{"line":19,"column":2},"end":{"line":31,"column":4}},"8":{"start":{"line":22,"column":8},"end":{"line":23,"column":null}},"9":{"start":{"line":26,"column":25},"end":{"line":26,"column":51}},"10":{"start":{"line":34,"column":0},"end":{"line":34,"column":27}}},"fnMap":{"0":{"name":"ResultsList","decl":{"start":{"line":11,"column":9},"end":{"line":11,"column":20}},"loc":{"start":{"line":11,"column":48},"end":{"line":32,"column":1}}},"1":{"name":"(anonymous_2)","decl":{"start":{"line":21,"column":17},"end":{"line":21,"column":18}},"loc":{"start":{"line":22,"column":8},"end":{"line":23,"column":null}}},"2":{"name":"(anonymous_3)","decl":{"start":{"line":26,"column":12},"end":{"line":26,"column":13}},"loc":{"start":{"line":26,"column":25},"end":{"line":26,"column":51}}}},"branchMap":{"0":{"loc":{"start":{"line":14,"column":2},"end":{"line":18,"column":3}},"type":"if","locations":[{"start":{"line":14,"column":2},"end":{"line":18,"column":3}}]}},"s":{"0":3,"1":3,"2":3,"3":3,"4":7,"5":7,"6":3,"7":4,"8":15,"9":0,"10":3},"f":{"0":7,"1":15,"2":0},"b":{"0":[3]}}
,"E:\\Program Files\\VS Code\\egorokunevich-REACT2024Q3\\src\\components\\ResultsList\\index.ts": {"path":"E:\\Program Files\\VS Code\\egorokunevich-REACT2024Q3\\src\\components\\ResultsList\\index.ts","statementMap":{"0":{"start":{"line":1,"column":0},"end":{"line":1,"column":9}},"1":{"start":{"line":1,"column":9},"end":{"line":1,"column":40}}},"fnMap":{"0":{"name":"(anonymous_1)","decl":{"start":{"line":1,"column":9},"end":{"line":1,"column":16}},"loc":{"start":{"line":1,"column":9},"end":{"line":1,"column":40}}}},"branchMap":{},"s":{"0":3,"1":10},"f":{"0":7},"b":{}}
,"E:\\Program Files\\VS Code\\egorokunevich-REACT2024Q3\\src\\components\\SearchBar\\SearchBar.tsx": {"path":"E:\\Program Files\\VS Code\\egorokunevich-REACT2024Q3\\src\\components\\SearchBar\\SearchBar.tsx","statementMap":{"0":{"start":{"line":1,"column":0},"end":{"line":1,"column":76}},"1":{"start":{"line":2,"column":0},"end":{"line":2,"column":40}},"2":{"start":{"line":3,"column":0},"end":{"line":3,"column":45}},"3":{"start":{"line":10,"column":23},"end":{"line":10,"column":28}},"4":{"start":{"line":11,"column":31},"end":{"line":11,"column":78}},"5":{"start":{"line":12,"column":40},"end":{"line":12,"column":79}},"6":{"start":{"line":14,"column":23},"end":{"line":17,"column":3}},"7":{"start":{"line":15,"column":4},"end":{"line":15,"column":27}},"8":{"start":{"line":16,"column":4},"end":{"line":16,"column":26}},"9":{"start":{"line":19,"column":2},"end":{"line":54,"column":4}},"10":{"start":{"line":27,"column":12},"end":{"line":27,"column":43}},"11":{"start":{"line":30,"column":12},"end":{"line":34,"column":13}},"12":{"start":{"line":31,"column":14},"end":{"line":33,"column":15}},"13":{"start":{"line":32,"column":16},"end":{"line":32,"column":31}},"14":{"start":{"line":41,"column":12},"end":{"line":41,"column":27}},"15":{"start":{"line":57,"column":0},"end":{"line":57,"column":37}}},"fnMap":{"0":{"name":"SearchBar","decl":{"start":{"line":9,"column":9},"end":{"line":9,"column":18}},"loc":{"start":{"line":9,"column":40},"end":{"line":55,"column":1}}},"1":{"name":"(anonymous_8)","decl":{"start":{"line":14,"column":23},"end":{"line":14,"column":26}},"loc":{"start":{"line":14,"column":28},"end":{"line":17,"column":3}}},"2":{"name":"(anonymous_9)","decl":{"start":{"line":26,"column":20},"end":{"line":26,"column":21}},"loc":{"start":{"line":26,"column":26},"end":{"line":28,"column":11}}},"3":{"name":"(anonymous_10)","decl":{"start":{"line":29,"column":21},"end":{"line":29,"column":22}},"loc":{"start":{"line":29,"column":27},"end":{"line":35,"column":11}}},"4":{"name":"(anonymous_11)","decl":{"start":{"line":40,"column":19},"end":{"line":40,"column":22}},"loc":{"start":{"line":40,"column":24},"end":{"line":42,"column":11}}}},"branchMap":{"0":{"loc":{"start":{"line":12,"column":49},"end":{"line":12,"column":78}},"type":"cond-expr","locations":[{"start":{"line":12,"column":57},"end":{"line":12,"column":73}},{"start":{"line":12,"column":76},"end":{"line":12,"column":78}}]},"1":{"loc":{"start":{"line":30,"column":12},"end":{"line":34,"column":13}},"type":"if","locations":[{"start":{"line":30,"column":12},"end":{"line":34,"column":13}}]},"2":{"loc":{"start":{"line":31,"column":14},"end":{"line":33,"column":15}},"type":"if","locations":[{"start":{"line":31,"column":14},"end":{"line":33,"column":15}}]}},"s":{"0":3,"1":3,"2":3,"3":7,"4":7,"5":7,"6":7,"7":0,"8":0,"9":7,"10":0,"11":0,"12":0,"13":0,"14":0,"15":3},"f":{"0":7,"1":0,"2":0,"3":0,"4":0},"b":{"0":[0,7],"1":[0],"2":[0]}}
,"E:\\Program Files\\VS Code\\egorokunevich-REACT2024Q3\\src\\components\\SearchBar\\index.ts": {"path":"E:\\Program Files\\VS Code\\egorokunevich-REACT2024Q3\\src\\components\\SearchBar\\index.ts","statementMap":{"0":{"start":{"line":1,"column":0},"end":{"line":1,"column":9}},"1":{"start":{"line":1,"column":9},"end":{"line":1,"column":42}}},"fnMap":{"0":{"name":"(anonymous_1)","decl":{"start":{"line":1,"column":9},"end":{"line":1,"column":16}},"loc":{"start":{"line":1,"column":9},"end":{"line":1,"column":42}}}},"branchMap":{},"s":{"0":3,"1":10},"f":{"0":7},"b":{}}
,"E:\\Program Files\\VS Code\\egorokunevich-REACT2024Q3\\src\\hooks\\reduxHooks.ts": {"path":"E:\\Program Files\\VS Code\\egorokunevich-REACT2024Q3\\src\\hooks\\reduxHooks.ts","statementMap":{"0":{"start":{"line":1,"column":0},"end":{"line":1,"column":55}},"1":{"start":{"line":4,"column":13},"end":{"line":4,"column":67}},"2":{"start":{"line":5,"column":13},"end":{"line":5,"column":65}}},"fnMap":{},"branchMap":{},"s":{"0":4,"1":4,"2":4},"f":{},"b":{}}
,"E:\\Program Files\\VS Code\\egorokunevich-REACT2024Q3\\src\\hooks\\useLocalStorage.tsx": {"path":"E:\\Program Files\\VS Code\\egorokunevich-REACT2024Q3\\src\\hooks\\useLocalStorage.tsx","statementMap":{"0":{"start":{"line":8,"column":0},"end":{"line":8,"column":24}},"1":{"start":{"line":1,"column":0},"end":{"line":1,"column":33}},"2":{"start":{"line":3,"column":0},"end":{"line":3,"column":null}},"3":{"start":{"line":4,"column":2},"end":{"line":4,"column":null}},"4":{"start":{"line":5,"column":2},"end":{"line":5,"column":null}},"5":{"start":{"line":12,"column":28},"end":{"line":13,"column":null}},"6":{"start":{"line":17,"column":20},"end":{"line":19,"column":3}},"7":{"start":{"line":18,"column":4},"end":{"line":18,"column":51}},"8":{"start":{"line":21,"column":2},"end":{"line":21,"column":47}}},"fnMap":{"0":{"name":"(anonymous_0)","decl":{"start":{"line":3,"column":0},"end":{"line":3,"column":12}},"loc":{"start":{"line":3,"column":28},"end":{"line":6,"column":1}}},"1":{"name":"useLocalStorage","decl":{"start":{"line":8,"column":24},"end":{"line":8,"column":39}},"loc":{"start":{"line":10,"column":31},"end":{"line":22,"column":1}}},"2":{"name":"(anonymous_2)","decl":{"start":{"line":17,"column":20},"end":{"line":17,"column":21}},"loc":{"start":{"line":17,"column":50},"end":{"line":19,"column":3}}}},"branchMap":{"0":{"loc":{"start":{"line":3,"column":12},"end":{"line":3,"column":null}},"type":"binary-expr","locations":[{"start":{"line":3,"column":12},"end":{"line":3,"column":28}},{"start":{"line":3,"column":28},"end":{"line":3,"column":null}}]},"1":{"loc":{"start":{"line":13,"column":4},"end":{"line":13,"column":45}},"type":"binary-expr","locations":[{"start":{"line":13,"column":4},"end":{"line":13,"column":29}},{"start":{"line":13,"column":33},"end":{"line":13,"column":45}}]}},"s":{"0":3,"1":3,"2":3,"3":3,"4":3,"5":21,"6":21,"7":0,"8":21},"f":{"0":3,"1":21,"2":0},"b":{"0":[3,3],"1":[21,21]}}
,"E:\\Program Files\\VS Code\\egorokunevich-REACT2024Q3\\src\\hooks\\usePagination.tsx": {"path":"E:\\Program Files\\VS Code\\egorokunevich-REACT2024Q3\\src\\hooks\\usePagination.tsx","statementMap":{"0":{"start":{"line":3,"column":27},"end":{"line":9,"column":1}},"1":{"start":{"line":4,"column":2},"end":{"line":6,"column":3}},"2":{"start":{"line":5,"column":4},"end":{"line":5,"column":15}},"3":{"start":{"line":7,"column":17},"end":{"line":7,"column":32}},"4":{"start":{"line":8,"column":2},"end":{"line":8,"column":53}},"5":{"start":{"line":8,"column":42},"end":{"line":8,"column":51}},"6":{"start":{"line":3,"column":13},"end":{"line":3,"column":27}},"7":{"start":{"line":16,"column":28},"end":{"line":16,"column":29}},"8":{"start":{"line":17,"column":36},"end":{"line":17,"column":37}},"9":{"start":{"line":19,"column":29},"end":{"line":70,"column":1}},"10":{"start":{"line":20,"column":38},"end":{"line":20,"column":43}},"11":{"start":{"line":22,"column":26},"end":{"line":67,"column":3}},"12":{"start":{"line":23,"column":26},"end":{"line":23,"column":75}},"13":{"start":{"line":25,"column":4},"end":{"line":27,"column":5}},"14":{"start":{"line":26,"column":6},"end":{"line":26,"column":40}},"15":{"start":{"line":29,"column":29},"end":{"line":31,"column":null}},"16":{"start":{"line":33,"column":30},"end":{"line":35,"column":null}},"17":{"start":{"line":38,"column":31},"end":{"line":38,"column":77}},"18":{"start":{"line":40,"column":6},"end":{"line":40,"column":66}},"19":{"start":{"line":42,"column":27},"end":{"line":42,"column":28}},"20":{"start":{"line":43,"column":26},"end":{"line":43,"column":36}},"21":{"start":{"line":45,"column":4},"end":{"line":51,"column":5}},"22":{"start":{"line":47,"column":8},"end":{"line":47,"column":69}},"23":{"start":{"line":48,"column":24},"end":{"line":48,"column":53}},"24":{"start":{"line":50,"column":6},"end":{"line":50,"column":47}},"25":{"start":{"line":53,"column":4},"end":{"line":61,"column":5}},"26":{"start":{"line":55,"column":8},"end":{"line":55,"column":69}},"27":{"start":{"line":56,"column":25},"end":{"line":58,"column":null}},"28":{"start":{"line":60,"column":6},"end":{"line":60,"column":52}},"29":{"start":{"line":63,"column":4},"end":{"line":66,"column":5}},"30":{"start":{"line":64,"column":26},"end":{"line":64,"column":74}},"31":{"start":{"line":65,"column":6},"end":{"line":65,"column":75}},"32":{"start":{"line":69,"column":2},"end":{"line":69,"column":27}},"33":{"start":{"line":19,"column":13},"end":{"line":19,"column":29}}},"fnMap":{"0":{"name":"(anonymous_0)","decl":{"start":{"line":3,"column":27},"end":{"line":3,"column":28}},"loc":{"start":{"line":3,"column":58},"end":{"line":9,"column":1}}},"1":{"name":"(anonymous_1)","decl":{"start":{"line":8,"column":32},"end":{"line":8,"column":33}},"loc":{"start":{"line":8,"column":42},"end":{"line":8,"column":51}}},"2":{"name":"(anonymous_2)","decl":{"start":{"line":19,"column":29},"end":{"line":19,"column":30}},"loc":{"start":{"line":19,"column":56},"end":{"line":70,"column":1}}},"3":{"name":"(anonymous_3)","decl":{"start":{"line":22,"column":26},"end":{"line":22,"column":29}},"loc":{"start":{"line":22,"column":31},"end":{"line":67,"column":3}}}},"branchMap":{"0":{"loc":{"start":{"line":4,"column":2},"end":{"line":6,"column":3}},"type":"if","locations":[{"start":{"line":4,"column":2},"end":{"line":6,"column":3}}]},"1":{"loc":{"start":{"line":25,"column":4},"end":{"line":27,"column":5}},"type":"if","locations":[{"start":{"line":25,"column":4},"end":{"line":27,"column":5}}]},"2":{"loc":{"start":{"line":45,"column":4},"end":{"line":51,"column":5}},"type":"if","locations":[{"start":{"line":45,"column":4},"end":{"line":51,"column":5}}]},"3":{"loc":{"start":{"line":45,"column":8},"end":{"line":45,"column":50}},"type":"binary-expr","locations":[{"start":{"line":45,"column":8},"end":{"line":45,"column":27}},{"start":{"line":45,"column":31},"end":{"line":45,"column":50}}]},"4":{"loc":{"start":{"line":53,"column":4},"end":{"line":61,"column":5}},"type":"if","locations":[{"start":{"line":53,"column":4},"end":{"line":61,"column":5}}]},"5":{"loc":{"start":{"line":53,"column":8},"end":{"line":53,"column":50}},"type":"binary-expr","locations":[{"start":{"line":53,"column":8},"end":{"line":53,"column":26}},{"start":{"line":53,"column":30},"end":{"line":53,"column":50}}]},"6":{"loc":{"start":{"line":63,"column":4},"end":{"line":66,"column":5}},"type":"if","locations":[{"start":{"line":63,"column":4},"end":{"line":66,"column":5}}]},"7":{"loc":{"start":{"line":63,"column":8},"end":{"line":63,"column":49}},"type":"binary-expr","locations":[{"start":{"line":63,"column":8},"end":{"line":63,"column":26}},{"start":{"line":63,"column":30},"end":{"line":63,"column":49}}]}},"s":{"0":4,"1":9,"2":3,"3":6,"4":6,"5":38,"6":4,"7":4,"8":4,"9":4,"10":6,"11":6,"12":6,"13":6,"14":1,"15":5,"16":5,"17":5,"18":5,"19":5,"20":5,"21":5,"22":3,"23":3,"24":3,"25":2,"26":1,"27":1,"28":1,"29":1,"30":1,"31":1,"32":6,"33":4},"f":{"0":9,"1":38,"2":6,"3":6},"b":{"0":[3],"1":[1],"2":[3],"3":[5,3],"4":[1],"5":[2,2],"6":[1],"7":[1,1]}}
,"E:\\Program Files\\VS Code\\egorokunevich-REACT2024Q3\\src\\hooks\\useTabTitle.tsx": {"path":"E:\\Program Files\\VS Code\\egorokunevich-REACT2024Q3\\src\\hooks\\useTabTitle.tsx","statementMap":{"0":{"start":{"line":1,"column":0},"end":{"line":1,"column":null}},"1":{"start":{"line":2,"column":2},"end":{"line":2,"column":null}},"2":{"start":{"line":3,"column":2},"end":{"line":3,"column":null}},"3":{"start":{"line":4,"column":2},"end":{"line":4,"column":null}},"4":{"start":{"line":7,"column":27},"end":{"line":9,"column":1}},"5":{"start":{"line":8,"column":2},"end":{"line":8,"column":53}},"6":{"start":{"line":7,"column":13},"end":{"line":7,"column":27}},"7":{"start":{"line":11,"column":0},"end":{"line":11,"column":27}}},"fnMap":{"0":{"name":"(anonymous_0)","decl":{"start":{"line":1,"column":0},"end":{"line":1,"column":12}},"loc":{"start":{"line":1,"column":21},"end":{"line":5,"column":1}}},"1":{"name":"(anonymous_1)","decl":{"start":{"line":7,"column":27},"end":{"line":7,"column":28}},"loc":{"start":{"line":7,"column":63},"end":{"line":9,"column":1}}}},"branchMap":{"0":{"loc":{"start":{"line":1,"column":12},"end":{"line":1,"column":null}},"type":"binary-expr","locations":[{"start":{"line":1,"column":12},"end":{"line":1,"column":21}},{"start":{"line":1,"column":21},"end":{"line":1,"column":null}}]},"1":{"loc":{"start":{"line":8,"column":19},"end":{"line":8,"column":52}},"type":"cond-expr","locations":[{"start":{"line":8,"column":26},"end":{"line":8,"column":44}},{"start":{"line":8,"column":47},"end":{"line":8,"column":52}}]}},"s":{"0":3,"1":3,"2":3,"3":3,"4":3,"5":14,"6":3,"7":3},"f":{"0":3,"1":14},"b":{"0":[3,3],"1":[0,14]}}
,"E:\\Program Files\\VS Code\\egorokunevich-REACT2024Q3\\src\\pages\\SearchPage\\SearchPage.tsx": {"path":"E:\\Program Files\\VS Code\\egorokunevich-REACT2024Q3\\src\\pages\\SearchPage\\SearchPage.tsx","statementMap":{"0":{"start":{"line":1,"column":0},"end":{"line":1,"column":47}},"1":{"start":{"line":2,"column":0},"end":{"line":2,"column":51}},"2":{"start":{"line":3,"column":0},"end":{"line":3,"column":46}},"3":{"start":{"line":4,"column":0},"end":{"line":4,"column":41}},"4":{"start":{"line":5,"column":0},"end":{"line":5,"column":49}},"5":{"start":{"line":6,"column":0},"end":{"line":6,"column":72}},"6":{"start":{"line":7,"column":0},"end":{"line":7,"column":61}},"7":{"start":{"line":8,"column":0},"end":{"line":8,"column":72}},"8":{"start":{"line":9,"column":0},"end":{"line":9,"column":68}},"9":{"start":{"line":10,"column":0},"end":{"line":10,"column":34}},"10":{"start":{"line":11,"column":0},"end":{"line":11,"column":59}},"11":{"start":{"line":12,"column":0},"end":{"line":12,"column":null}},"12":{"start":{"line":16,"column":0},"end":{"line":16,"column":76}},"13":{"start":{"line":17,"column":0},"end":{"line":17,"column":41}},"14":{"start":{"line":19,"column":13},"end":{"line":19,"column":29}},"15":{"start":{"line":21,"column":18},"end":{"line":22,"column":38}},"16":{"start":{"line":22,"column":2},"end":{"line":22,"column":38}},"17":{"start":{"line":25,"column":42},"end":{"line":25,"column":59}},"18":{"start":{"line":26,"column":22},"end":{"line":26,"column":56}},"19":{"start":{"line":28,"column":40},"end":{"line":30,"column":null}},"20":{"start":{"line":33,"column":2},"end":{"line":33,"column":37}},"21":{"start":{"line":35,"column":19},"end":{"line":35,"column":35}},"22":{"start":{"line":37,"column":19},"end":{"line":37,"column":32}},"23":{"start":{"line":39,"column":21},"end":{"line":41,"column":3}},"24":{"start":{"line":40,"column":4},"end":{"line":40,"column":53}},"25":{"start":{"line":47,"column":6},"end":{"line":51,"column":4}},"26":{"start":{"line":53,"column":26},"end":{"line":53,"column":68}},"27":{"start":{"line":54,"column":27},"end":{"line":54,"column":70}},"28":{"start":{"line":56,"column":2},"end":{"line":70,"column":26}},"29":{"start":{"line":57,"column":4},"end":{"line":66,"column":5}},"30":{"start":{"line":58,"column":6},"end":{"line":65,"column":7}},"31":{"start":{"line":62,"column":8},"end":{"line":62,"column":69}},"32":{"start":{"line":64,"column":8},"end":{"line":64,"column":60}},"33":{"start":{"line":67,"column":4},"end":{"line":69,"column":5}},"34":{"start":{"line":68,"column":6},"end":{"line":68,"column":39}},"35":{"start":{"line":72,"column":2},"end":{"line":74,"column":3}},"36":{"start":{"line":73,"column":4},"end":{"line":73,"column":22}},"37":{"start":{"line":76,"column":4},"end":{"line":76,"column":59}},"38":{"start":{"line":78,"column":2},"end":{"line":118,"column":4}},"39":{"start":{"line":84,"column":12},"end":{"line":84,"column":46}},"40":{"start":{"line":90,"column":14},"end":{"line":90,"column":35}},"41":{"start":{"line":105,"column":20},"end":{"line":105,"column":43}},"42":{"start":{"line":121,"column":0},"end":{"line":121,"column":26}}},"fnMap":{"0":{"name":"(anonymous_7)","decl":{"start":{"line":21,"column":18},"end":{"line":21,"column":19}},"loc":{"start":{"line":22,"column":2},"end":{"line":22,"column":38}}},"1":{"name":"SearchPage","decl":{"start":{"line":24,"column":9},"end":{"line":24,"column":19}},"loc":{"start":{"line":24,"column":19},"end":{"line":119,"column":1}}},"2":{"name":"(anonymous_9)","decl":{"start":{"line":39,"column":21},"end":{"line":39,"column":22}},"loc":{"start":{"line":39,"column":44},"end":{"line":41,"column":3}}},"3":{"name":"(anonymous_10)","decl":{"start":{"line":56,"column":12},"end":{"line":56,"column":15}},"loc":{"start":{"line":56,"column":17},"end":{"line":70,"column":3}}},"4":{"name":"(anonymous_11)","decl":{"start":{"line":83,"column":19},"end":{"line":83,"column":22}},"loc":{"start":{"line":83,"column":24},"end":{"line":85,"column":11}}},"5":{"name":"(anonymous_12)","decl":{"start":{"line":89,"column":22},"end":{"line":89,"column":23}},"loc":{"start":{"line":89,"column":31},"end":{"line":91,"column":13}}},"6":{"name":"(anonymous_13)","decl":{"start":{"line":104,"column":31},"end":{"line":104,"column":32}},"loc":{"start":{"line":104,"column":54},"end":{"line":106,"column":19}}}},"branchMap":{"0":{"loc":{"start":{"line":21,"column":40},"end":{"line":21,"column":66}},"type":"default-arg","locations":[{"start":{"line":21,"column":56},"end":{"line":21,"column":66}}]},"1":{"loc":{"start":{"line":26,"column":24},"end":{"line":26,"column":55}},"type":"binary-expr","locations":[{"start":{"line":26,"column":24},"end":{"line":26,"column":48}},{"start":{"line":26,"column":52},"end":{"line":26,"column":55}}]},"2":{"loc":{"start":{"line":57,"column":4},"end":{"line":66,"column":5}},"type":"if","locations":[{"start":{"line":57,"column":4},"end":{"line":66,"column":5}}]},"3":{"loc":{"start":{"line":58,"column":6},"end":{"line":65,"column":7}},"type":"if","locations":[{"start":{"line":58,"column":6},"end":{"line":65,"column":7}},{"start":{"line":63,"column":13},"end":{"line":65,"column":7}}]},"4":{"loc":{"start":{"line":59,"column":8},"end":{"line":60,"column":53}},"type":"binary-expr","locations":[{"start":{"line":59,"column":9},"end":{"line":59,"column":39}},{"start":{"line":60,"column":8},"end":{"line":60,"column":53}}]},"5":{"loc":{"start":{"line":59,"column":9},"end":{"line":59,"column":39}},"type":"cond-expr","locations":[{"start":{"line":59,"column":17},"end":{"line":59,"column":30}},{"start":{"line":59,"column":9},"end":{"line":59,"column":39}}]},"6":{"loc":{"start":{"line":59,"column":9},"end":{"line":59,"column":30}},"type":"binary-expr","locations":[{"start":{"line":59,"column":9},"end":{"line":59,"column":32}},{"start":{"line":59,"column":9},"end":{"line":59,"column":30}}]},"7":{"loc":{"start":{"line":67,"column":4},"end":{"line":69,"column":5}},"type":"if","locations":[{"start":{"line":67,"column":4},"end":{"line":69,"column":5}}]},"8":{"loc":{"start":{"line":72,"column":2},"end":{"line":74,"column":3}},"type":"if","locations":[{"start":{"line":72,"column":2},"end":{"line":74,"column":3}}]},"9":{"loc":{"start":{"line":76,"column":4},"end":{"line":76,"column":59}},"type":"binary-expr","locations":[{"start":{"line":76,"column":4},"end":{"line":76,"column":12}},{"start":{"line":76,"column":16},"end":{"line":76,"column":59}}]},"10":{"loc":{"start":{"line":76,"column":16},"end":{"line":76,"column":55}},"type":"cond-expr","locations":[{"start":{"line":76,"column":47},"end":{"line":76,"column":49}},{"start":{"line":76,"column":47},"end":{"line":76,"column":55}}]},"11":{"loc":{"start":{"line":76,"column":16},"end":{"line":76,"column":49}},"type":"binary-expr","locations":[{"start":{"line":76,"column":16},"end":{"line":76,"column":49}},{"start":{"line":76,"column":47},"end":{"line":76,"column":49}}]},"12":{"loc":{"start":{"line":76,"column":17},"end":{"line":76,"column":47}},"type":"cond-expr","locations":[{"start":{"line":76,"column":25},"end":{"line":76,"column":38}},{"start":{"line":76,"column":17},"end":{"line":76,"column":47}}]},"13":{"loc":{"start":{"line":76,"column":17},"end":{"line":76,"column":38}},"type":"binary-expr","locations":[{"start":{"line":76,"column":17},"end":{"line":76,"column":40}},{"start":{"line":76,"column":17},"end":{"line":76,"column":38}}]},"14":{"loc":{"start":{"line":93,"column":11},"end":{"line":109,"column":null}},"type":"cond-expr","locations":[{"start":{"line":94,"column":12},"end":{"line":94,"column":22}},{"start":{"line":96,"column":12},"end":{"line":108,"column":null}}]},"15":{"loc":{"start":{"line":98,"column":15},"end":{"line":107,"column":null}},"type":"binary-expr","locations":[{"start":{"line":98,"column":15},"end":{"line":98,"column":37}},{"start":{"line":99,"column":16},"end":{"line":106,"column":null}}]},"16":{"loc":{"start":{"line":113,"column":9},"end":{"line":114,"column":null}},"type":"binary-expr","locations":[{"start":{"line":113,"column":9},"end":{"line":113,"column":36}},{"start":{"line":114,"column":10},"end":{"line":114,"column":56}}]}},"s":{"0":3,"1":3,"2":3,"3":3,"4":3,"5":3,"6":3,"7":3,"8":3,"9":3,"10":3,"11":3,"12":3,"13":3,"14":3,"15":3,"16":14,"17":14,"18":14,"19":14,"20":14,"21":14,"22":14,"23":14,"24":0,"25":14,"26":14,"27":14,"28":14,"29":8,"30":4,"31":4,"32":0,"33":8,"34":0,"35":14,"36":7,"37":7,"38":7,"39":1,"40":0,"41":0,"42":3},"f":{"0":14,"1":14,"2":0,"3":8,"4":1,"5":0,"6":0},"b":{"0":[0],"1":[14,14],"2":[4],"3":[4,0],"4":[4,4],"5":[0,4],"6":[4,4],"7":[0],"8":[7],"9":[7,7],"10":[0,7],"11":[7,7],"12":[0,7],"13":[7,7],"14":[0,7],"15":[7,2],"16":[7,0]}}
,"E:\\Program Files\\VS Code\\egorokunevich-REACT2024Q3\\src\\pages\\SearchPage\\index.ts": {"path":"E:\\Program Files\\VS Code\\egorokunevich-REACT2024Q3\\src\\pages\\SearchPage\\index.ts","statementMap":{"0":{"start":{"line":1,"column":0},"end":{"line":1,"column":9}},"1":{"start":{"line":1,"column":9},"end":{"line":1,"column":43}}},"fnMap":{"0":{"name":"(anonymous_1)","decl":{"start":{"line":1,"column":9},"end":{"line":1,"column":16}},"loc":{"start":{"line":1,"column":9},"end":{"line":1,"column":43}}}},"branchMap":{},"s":{"0":3,"1":8},"f":{"0":5},"b":{}}
,"E:\\Program Files\\VS Code\\egorokunevich-REACT2024Q3\\src\\store\\index.ts": {"path":"E:\\Program Files\\VS Code\\egorokunevich-REACT2024Q3\\src\\store\\index.ts","statementMap":{"0":{"start":{"line":1,"column":0},"end":{"line":1,"column":50}},"1":{"start":{"line":2,"column":0},"end":{"line":2,"column":44}},"2":{"start":{"line":3,"column":0},"end":{"line":3,"column":46}},"3":{"start":{"line":5,"column":13},"end":{"line":12,"column":3}},"4":{"start":{"line":11,"column":4},"end":{"line":11,"column":56}}},"fnMap":{"0":{"name":"(anonymous_1)","decl":{"start":{"line":10,"column":14},"end":{"line":10,"column":15}},"loc":{"start":{"line":11,"column":4},"end":{"line":11,"column":56}}}},"branchMap":{},"s":{"0":4,"1":4,"2":4,"3":4,"4":4},"f":{"0":4},"b":{}}
,"E:\\Program Files\\VS Code\\egorokunevich-REACT2024Q3\\src\\store\\pokemonsSlice.ts": {"path":"E:\\Program Files\\VS Code\\egorokunevich-REACT2024Q3\\src\\store\\pokemonsSlice.ts","statementMap":{"0":{"start":{"line":2,"column":0},"end":{"line":2,"column":62}},"1":{"start":{"line":10,"column":48},"end":{"line":14,"column":2}},"2":{"start":{"line":16,"column":22},"end":{"line":43,"column":2}},"3":{"start":{"line":21,"column":6},"end":{"line":21,"column":45}},"4":{"start":{"line":24,"column":25},"end":{"line":25,"column":null}},"5":{"start":{"line":25,"column":18},"end":{"line":25,"column":51}},"6":{"start":{"line":28,"column":6},"end":{"line":34,"column":7}},"7":{"start":{"line":29,"column":8},"end":{"line":31,"column":10}},"8":{"start":{"line":30,"column":20},"end":{"line":30,"column":53}},"9":{"start":{"line":33,"column":8},"end":{"line":33,"column":52}},"10":{"start":{"line":37,"column":6},"end":{"line":37,"column":34}},"11":{"start":{"line":40,"column":6},"end":{"line":40,"column":44}},"12":{"start":{"line":45,"column":13},"end":{"line":49,"column":null}},"13":{"start":{"line":52,"column":0},"end":{"line":52,"column":37}}},"fnMap":{"0":{"name":"(anonymous_0)","decl":{"start":{"line":20,"column":24},"end":{"line":20,"column":25}},"loc":{"start":{"line":20,"column":68},"end":{"line":22,"column":5}}},"1":{"name":"(anonymous_1)","decl":{"start":{"line":23,"column":28},"end":{"line":23,"column":29}},"loc":{"start":{"line":23,"column":70},"end":{"line":35,"column":5}}},"2":{"name":"(anonymous_2)","decl":{"start":{"line":25,"column":8},"end":{"line":25,"column":9}},"loc":{"start":{"line":25,"column":18},"end":{"line":25,"column":51}}},"3":{"name":"(anonymous_3)","decl":{"start":{"line":30,"column":10},"end":{"line":30,"column":11}},"loc":{"start":{"line":30,"column":20},"end":{"line":30,"column":53}}},"4":{"name":"(anonymous_4)","decl":{"start":{"line":36,"column":25},"end":{"line":36,"column":26}},"loc":{"start":{"line":36,"column":35},"end":{"line":38,"column":5}}},"5":{"name":"(anonymous_5)","decl":{"start":{"line":39,"column":23},"end":{"line":39,"column":24}},"loc":{"start":{"line":39,"column":67},"end":{"line":41,"column":5}}}},"branchMap":{"0":{"loc":{"start":{"line":28,"column":6},"end":{"line":34,"column":7}},"type":"if","locations":[{"start":{"line":28,"column":6},"end":{"line":34,"column":7}},{"start":{"line":32,"column":13},"end":{"line":34,"column":7}}]}},"s":{"0":4,"1":4,"2":4,"3":4,"4":0,"5":0,"6":0,"7":0,"8":0,"9":0,"10":0,"11":0,"12":4,"13":4},"f":{"0":4,"1":0,"2":0,"3":0,"4":0,"5":0},"b":{"0":[0,0]}}
,"E:\\Program Files\\VS Code\\egorokunevich-REACT2024Q3\\src\\store\\selectors.ts": {"path":"E:\\Program Files\\VS Code\\egorokunevich-REACT2024Q3\\src\\store\\selectors.ts","statementMap":{"0":{"start":{"line":3,"column":42},"end":{"line":4,"column":32}},"1":{"start":{"line":4,"column":2},"end":{"line":4,"column":32}},"2":{"start":{"line":3,"column":13},"end":{"line":3,"column":42}},"3":{"start":{"line":6,"column":43},"end":{"line":7,"column":33}},"4":{"start":{"line":7,"column":2},"end":{"line":7,"column":33}},"5":{"start":{"line":6,"column":13},"end":{"line":6,"column":43}}},"fnMap":{"0":{"name":"(anonymous_0)","decl":{"start":{"line":3,"column":42},"end":{"line":3,"column":43}},"loc":{"start":{"line":4,"column":2},"end":{"line":4,"column":32}}},"1":{"name":"(anonymous_1)","decl":{"start":{"line":6,"column":43},"end":{"line":6,"column":44}},"loc":{"start":{"line":7,"column":2},"end":{"line":7,"column":33}}}},"branchMap":{},"s":{"0":3,"1":41,"2":3,"3":3,"4":66,"5":3},"f":{"0":41,"1":66},"b":{}}
,"E:\\Program Files\\VS Code\\egorokunevich-REACT2024Q3\\src\\tests\\mocks\\handlers.ts": {"path":"E:\\Program Files\\VS Code\\egorokunevich-REACT2024Q3\\src\\tests\\mocks\\handlers.ts","statementMap":{"0":{"start":{"line":1,"column":0},"end":{"line":1,"column":48}},"1":{"start":{"line":2,"column":0},"end":{"line":2,"column":76}},"2":{"start":{"line":4,"column":13},"end":{"line":13,"column":2}},"3":{"start":{"line":5,"column":67},"end":{"line":8,"column":4}},"4":{"start":{"line":6,"column":4},"end":{"line":6,"column":18}},"5":{"start":{"line":7,"column":4},"end":{"line":7,"column":44}},"6":{"start":{"line":9,"column":59},"end":{"line":12,"column":4}},"7":{"start":{"line":10,"column":4},"end":{"line":10,"column":18}},"8":{"start":{"line":11,"column":4},"end":{"line":11,"column":45}}},"fnMap":{"0":{"name":"(anonymous_7)","decl":{"start":{"line":5,"column":56},"end":{"line":5,"column":65}},"loc":{"start":{"line":5,"column":67},"end":{"line":8,"column":4}}},"1":{"name":"(anonymous_8)","decl":{"start":{"line":5,"column":67},"end":{"line":5,"column":null}},"loc":{"start":{"line":5,"column":67},"end":{"line":8,"column":3}}},"2":{"name":"(anonymous_9)","decl":{"start":{"line":9,"column":48},"end":{"line":9,"column":57}},"loc":{"start":{"line":9,"column":59},"end":{"line":12,"column":4}}},"3":{"name":"(anonymous_10)","decl":{"start":{"line":9,"column":59},"end":{"line":9,"column":null}},"loc":{"start":{"line":9,"column":59},"end":{"line":12,"column":3}}}},"branchMap":{},"s":{"0":2,"1":2,"2":2,"3":2,"4":2,"5":2,"6":2,"7":2,"8":2},"f":{"0":2,"1":2,"2":2,"3":2},"b":{}}
,"E:\\Program Files\\VS Code\\egorokunevich-REACT2024Q3\\src\\tests\\mocks\\mockedPokemon.ts": {"path":"E:\\Program Files\\VS Code\\egorokunevich-REACT2024Q3\\src\\tests\\mocks\\mockedPokemon.ts","statementMap":{"0":{"start":{"line":3,"column":13},"end":{"line":20,"column":2}},"1":{"start":{"line":22,"column":13},"end":{"line":25,"column":2}}},"fnMap":{},"branchMap":{},"s":{"0":3,"1":3},"f":{},"b":{}}
,"E:\\Program Files\\VS Code\\egorokunevich-REACT2024Q3\\src\\tests\\mocks\\server.ts": {"path":"E:\\Program Files\\VS Code\\egorokunevich-REACT2024Q3\\src\\tests\\mocks\\server.ts","statementMap":{"0":{"start":{"line":1,"column":0},"end":{"line":1,"column":39}},"1":{"start":{"line":2,"column":0},"end":{"line":2,"column":38}},"2":{"start":{"line":4,"column":13},"end":{"line":4,"column":47}}},"fnMap":{},"branchMap":{},"s":{"0":2,"1":2,"2":2},"f":{},"b":{}}
,"E:\\Program Files\\VS Code\\egorokunevich-REACT2024Q3\\src\\utils\\CapitalizeFirstLetter.ts": {"path":"E:\\Program Files\\VS Code\\egorokunevich-REACT2024Q3\\src\\utils\\CapitalizeFirstLetter.ts","statementMap":{"0":{"start":{"line":1,"column":37},"end":{"line":3,"column":1}},"1":{"start":{"line":2,"column":2},"end":{"line":2,"column":54}},"2":{"start":{"line":1,"column":13},"end":{"line":1,"column":37}}},"fnMap":{"0":{"name":"(anonymous_0)","decl":{"start":{"line":1,"column":37},"end":{"line":1,"column":38}},"loc":{"start":{"line":1,"column":54},"end":{"line":3,"column":1}}}},"branchMap":{},"s":{"0":1,"1":3,"2":1},"f":{"0":3},"b":{}}
,"E:\\Program Files\\VS Code\\egorokunevich-REACT2024Q3\\src\\utils\\GetPagesCount.ts": {"path":"E:\\Program Files\\VS Code\\egorokunevich-REACT2024Q3\\src\\utils\\GetPagesCount.ts","statementMap":{"0":{"start":{"line":1,"column":29},"end":{"line":3,"column":1}},"1":{"start":{"line":2,"column":2},"end":{"line":2,"column":39}},"2":{"start":{"line":1,"column":13},"end":{"line":1,"column":29}}},"fnMap":{"0":{"name":"(anonymous_0)","decl":{"start":{"line":1,"column":29},"end":{"line":1,"column":30}},"loc":{"start":{"line":1,"column":67},"end":{"line":3,"column":1}}}},"branchMap":{},"s":{"0":1,"1":3,"2":1},"f":{"0":3},"b":{}}
}
