{
  "E:\\Program Files\\VS Code\\egorokunevich-REACT2024Q3\\src\\api\\PokeApi.ts": {
    "path": "E:\\Program Files\\VS Code\\egorokunevich-REACT2024Q3\\src\\api\\PokeApi.ts",
    "statementMap": {
      "0": {
        "start": { "line": 1, "column": 0 },
        "end": { "line": 1, "column": 37 }
      },
      "1": {
        "start": { "line": 30, "column": 20 },
        "end": { "line": 30, "column": 65 }
      },
      "2": {
        "start": { "line": 32, "column": 4 },
        "end": { "line": 32, "column": 30 }
      },
      "3": {
        "start": { "line": 36, "column": 19 },
        "end": { "line": 36, "column": 72 }
      },
      "4": {
        "start": { "line": 37, "column": 4 },
        "end": { "line": 37, "column": 25 }
      },
      "5": {
        "start": { "line": 40, "column": 27 },
        "end": { "line": 49, "column": null }
      },
      "6": {
        "start": { "line": 41, "column": 20 },
        "end": { "line": 46, "column": 6 }
      },
      "7": {
        "start": { "line": 48, "column": 4 },
        "end": { "line": 48, "column": 69 }
      },
      "8": {
        "start": { "line": 48, "column": 47 },
        "end": { "line": 48, "column": 66 }
      },
      "9": {
        "start": { "line": 25, "column": 9 },
        "end": { "line": 27, "column": 5 }
      },
      "10": {
        "start": { "line": 24, "column": 21 },
        "end": { "line": 24, "column": null }
      }
    },
    "fnMap": {
      "0": {
        "name": "(anonymous_8)",
        "decl": {
          "start": { "line": 29, "column": 2 },
          "end": { "line": 29, "column": 8 }
        },
        "loc": {
          "start": { "line": 29, "column": 32 },
          "end": { "line": 33, "column": null }
        }
      },
      "1": {
        "name": "(anonymous_10)",
        "decl": {
          "start": { "line": 35, "column": 2 },
          "end": { "line": 35, "column": 8 }
        },
        "loc": {
          "start": { "line": 35, "column": 39 },
          "end": { "line": 38, "column": null }
        }
      },
      "2": {
        "name": "(anonymous_12)",
        "decl": {
          "start": { "line": 40, "column": 2 },
          "end": { "line": 40, "column": 8 }
        },
        "loc": {
          "start": { "line": 40, "column": 26 },
          "end": { "line": 49, "column": null }
        }
      },
      "3": {
        "name": "(anonymous_13)",
        "decl": {
          "start": { "line": 40, "column": 27 },
          "end": { "line": 40, "column": 43 }
        },
        "loc": {
          "start": { "line": 40, "column": 65 },
          "end": { "line": 49, "column": 3 }
        }
      },
      "4": {
        "name": "(anonymous_14)",
        "decl": {
          "start": { "line": 48, "column": 36 },
          "end": { "line": 48, "column": 37 }
        },
        "loc": {
          "start": { "line": 48, "column": 47 },
          "end": { "line": 48, "column": 66 }
        }
      }
    },
    "branchMap": {
      "0": {
        "loc": {
          "start": { "line": 40, "column": 27 },
          "end": { "line": 40, "column": 45 }
        },
        "type": "default-arg",
        "locations": [
          {
            "start": { "line": 40, "column": 43 },
            "end": { "line": 40, "column": 45 }
          }
        ]
      },
      "1": {
        "loc": {
          "start": { "line": 40, "column": 47 },
          "end": { "line": 40, "column": 65 }
        },
        "type": "default-arg",
        "locations": [
          {
            "start": { "line": 40, "column": 64 },
            "end": { "line": 40, "column": 65 }
          }
        ]
      }
    },
    "s": {
      "0": 2,
      "1": 0,
      "2": 0,
      "3": 4,
      "4": 0,
      "5": 0,
      "6": 0,
      "7": 0,
      "8": 0,
      "9": 2,
      "10": 2
    },
    "f": { "0": 0, "1": 4, "2": 0, "3": 0, "4": 0 },
    "b": { "0": [0], "1": [0] }
  },
  "E:\\Program Files\\VS Code\\egorokunevich-REACT2024Q3\\src\\components\\Loader\\Loader.tsx": {
    "path": "E:\\Program Files\\VS Code\\egorokunevich-REACT2024Q3\\src\\components\\Loader\\Loader.tsx",
    "statementMap": {
      "0": {
        "start": { "line": 1, "column": 0 },
        "end": { "line": 1, "column": 42 }
      },
      "1": {
        "start": { "line": 4, "column": 2 },
        "end": { "line": 9, "column": 4 }
      },
      "2": {
        "start": { "line": 12, "column": 0 },
        "end": { "line": 12, "column": 22 }
      }
    },
    "fnMap": {
      "0": {
        "name": "Loader",
        "decl": {
          "start": { "line": 3, "column": 9 },
          "end": { "line": 3, "column": 15 }
        },
        "loc": {
          "start": { "line": 3, "column": 15 },
          "end": { "line": 10, "column": 1 }
        }
      }
    },
    "branchMap": {},
    "s": { "0": 2, "1": 8, "2": 2 },
    "f": { "0": 8 },
    "b": {}
  },
  "E:\\Program Files\\VS Code\\egorokunevich-REACT2024Q3\\src\\components\\Loader\\index.ts": {
    "path": "E:\\Program Files\\VS Code\\egorokunevich-REACT2024Q3\\src\\components\\Loader\\index.ts",
    "statementMap": {
      "0": {
        "start": { "line": 1, "column": 0 },
        "end": { "line": 1, "column": 9 }
      },
      "1": {
        "start": { "line": 1, "column": 9 },
        "end": { "line": 1, "column": 35 }
      }
    },
    "fnMap": {
      "0": {
        "name": "(anonymous_1)",
        "decl": {
          "start": { "line": 1, "column": 9 },
          "end": { "line": 1, "column": 16 }
        },
        "loc": {
          "start": { "line": 1, "column": 9 },
          "end": { "line": 1, "column": 35 }
        }
      }
    },
    "branchMap": {},
    "s": { "0": 2, "1": 10 },
    "f": { "0": 8 },
    "b": {}
  },
  "E:\\Program Files\\VS Code\\egorokunevich-REACT2024Q3\\src\\components\\PokeCard\\PokeCard.tsx": {
    "path": "E:\\Program Files\\VS Code\\egorokunevich-REACT2024Q3\\src\\components\\PokeCard\\PokeCard.tsx",
    "statementMap": {
      "0": {
        "start": { "line": 1, "column": 0 },
        "end": { "line": 1, "column": 34 }
      },
      "1": {
        "start": { "line": 2, "column": 0 },
        "end": { "line": 2, "column": 44 }
      },
      "2": {
        "start": { "line": 3, "column": 0 },
        "end": { "line": 3, "column": 64 }
      },
      "3": {
        "start": { "line": 4, "column": 0 },
        "end": { "line": 4, "column": 40 }
      },
      "4": {
        "start": { "line": 5, "column": 0 },
        "end": { "line": 5, "column": 45 }
      },
      "5": {
        "start": { "line": 6, "column": 0 },
        "end": { "line": 6, "column": 54 }
      },
      "6": {
        "start": { "line": 13, "column": 37 },
        "end": { "line": 15, "column": 4 }
      },
      "7": {
        "start": { "line": 13, "column": 60 },
        "end": { "line": 15, "column": 4 }
      },
      "8": {
        "start": { "line": 14, "column": 4 },
        "end": { "line": 14, "column": 42 }
      },
      "9": {
        "start": { "line": 16, "column": 25 },
        "end": { "line": 16, "column": 42 }
      },
      "10": {
        "start": { "line": 17, "column": 15 },
        "end": { "line": 17, "column": 46 }
      },
      "11": {
        "start": { "line": 18, "column": 19 },
        "end": { "line": 18, "column": 32 }
      },
      "12": {
        "start": { "line": 20, "column": 2 },
        "end": { "line": 22, "column": 9 }
      },
      "13": {
        "start": { "line": 21, "column": 4 },
        "end": { "line": 21, "column": 20 }
      },
      "14": {
        "start": { "line": 24, "column": 2 },
        "end": { "line": 26, "column": 3 }
      },
      "15": {
        "start": { "line": 25, "column": 4 },
        "end": { "line": 25, "column": 22 }
      },
      "16": {
        "start": { "line": 28, "column": 18 },
        "end": { "line": 28, "column": 28 }
      },
      "17": {
        "start": { "line": 29, "column": 22 },
        "end": { "line": 44, "column": 3 }
      },
      "18": {
        "start": { "line": 30, "column": 4 },
        "end": { "line": 37, "column": 5 }
      },
      "19": {
        "start": { "line": 31, "column": 6 },
        "end": { "line": 36, "column": 8 }
      },
      "20": {
        "start": { "line": 38, "column": 4 },
        "end": { "line": 43, "column": 6 }
      },
      "21": {
        "start": { "line": 46, "column": 2 },
        "end": { "line": 60, "column": 4 }
      },
      "22": {
        "start": { "line": 50, "column": 8 },
        "end": { "line": 50, "column": 28 }
      },
      "23": {
        "start": { "line": 51, "column": 8 },
        "end": { "line": 51, "column": 58 }
      },
      "24": {
        "start": { "line": 63, "column": 0 },
        "end": { "line": 63, "column": 24 }
      }
    },
    "fnMap": {
      "0": {
        "name": "PokeCard",
        "decl": {
          "start": { "line": 12, "column": 9 },
          "end": { "line": 12, "column": 17 }
        },
        "loc": {
          "start": { "line": 12, "column": 38 },
          "end": { "line": 61, "column": 1 }
        }
      },
      "1": {
        "name": "(anonymous_9)",
        "decl": {
          "start": { "line": 13, "column": 49 },
          "end": { "line": 13, "column": 58 }
        },
        "loc": {
          "start": { "line": 13, "column": 60 },
          "end": { "line": 15, "column": 4 }
        }
      },
      "2": {
        "name": "(anonymous_10)",
        "decl": {
          "start": { "line": 13, "column": 60 },
          "end": { "line": 13, "column": null }
        },
        "loc": {
          "start": { "line": 13, "column": 60 },
          "end": { "line": 15, "column": 3 }
        }
      },
      "3": {
        "name": "(anonymous_11)",
        "decl": {
          "start": { "line": 20, "column": 12 },
          "end": { "line": 20, "column": 15 }
        },
        "loc": {
          "start": { "line": 20, "column": 17 },
          "end": { "line": 22, "column": 3 }
        }
      },
      "4": {
        "name": "(anonymous_12)",
        "decl": {
          "start": { "line": 29, "column": 22 },
          "end": { "line": 29, "column": 25 }
        },
        "loc": {
          "start": { "line": 29, "column": 27 },
          "end": { "line": 44, "column": 3 }
        }
      },
      "5": {
        "name": "(anonymous_13)",
        "decl": {
          "start": { "line": 49, "column": 15 },
          "end": { "line": 49, "column": 16 }
        },
        "loc": {
          "start": { "line": 49, "column": 21 },
          "end": { "line": 52, "column": 7 }
        }
      }
    },
    "branchMap": {
      "0": {
        "loc": {
          "start": { "line": 17, "column": 15 },
          "end": { "line": 17, "column": 46 }
        },
        "type": "binary-expr",
        "locations": [
          {
            "start": { "line": 17, "column": 15 },
            "end": { "line": 17, "column": 39 }
          },
          {
            "start": { "line": 17, "column": 43 },
            "end": { "line": 17, "column": 46 }
          }
        ]
      },
      "1": {
        "loc": {
          "start": { "line": 24, "column": 2 },
          "end": { "line": 26, "column": 3 }
        },
        "type": "if",
        "locations": [
          {
            "start": { "line": 24, "column": 2 },
            "end": { "line": 26, "column": 3 }
          }
        ]
      },
      "2": {
        "loc": {
          "start": { "line": 24, "column": 7 },
          "end": { "line": 24, "column": 22 }
        },
        "type": "cond-expr",
        "locations": [
          {
            "start": { "line": 24, "column": 14 },
            "end": { "line": 24, "column": 16 }
          },
          {
            "start": { "line": 24, "column": 7 },
            "end": { "line": 24, "column": 22 }
          }
        ]
      },
      "3": {
        "loc": {
          "start": { "line": 24, "column": 7 },
          "end": { "line": 24, "column": 16 }
        },
        "type": "binary-expr",
        "locations": [
          {
            "start": { "line": 24, "column": 7 },
            "end": { "line": 24, "column": 16 }
          },
          {
            "start": { "line": 24, "column": 7 },
            "end": { "line": 24, "column": 16 }
          }
        ]
      },
      "4": {
        "loc": {
          "start": { "line": 30, "column": 4 },
          "end": { "line": 37, "column": 5 }
        },
        "type": "if",
        "locations": [
          {
            "start": { "line": 30, "column": 4 },
            "end": { "line": 37, "column": 5 }
          }
        ]
      }
    },
    "s": {
      "0": 2,
      "1": 2,
      "2": 2,
      "3": 2,
      "4": 2,
      "5": 2,
      "6": 8,
      "7": 4,
      "8": 4,
      "9": 8,
      "10": 8,
      "11": 8,
      "12": 8,
      "13": 4,
      "14": 8,
      "15": 8,
      "16": 0,
      "17": 0,
      "18": 0,
      "19": 0,
      "20": 0,
      "21": 0,
      "22": 0,
      "23": 0,
      "24": 2
    },
    "f": { "0": 8, "1": 4, "2": 4, "3": 4, "4": 0, "5": 0 },
    "b": { "0": [8, 8], "1": [8], "2": [8, 0], "3": [8, 0], "4": [0] }
  },
  "E:\\Program Files\\VS Code\\egorokunevich-REACT2024Q3\\src\\components\\PokeCard\\index.ts": {
    "path": "E:\\Program Files\\VS Code\\egorokunevich-REACT2024Q3\\src\\components\\PokeCard\\index.ts",
    "statementMap": {
      "0": {
        "start": { "line": 1, "column": 0 },
        "end": { "line": 1, "column": 9 }
      },
      "1": {
        "start": { "line": 1, "column": 9 },
        "end": { "line": 1, "column": 37 }
      }
    },
    "fnMap": {
      "0": {
        "name": "(anonymous_1)",
        "decl": {
          "start": { "line": 1, "column": 9 },
          "end": { "line": 1, "column": 16 }
        },
        "loc": {
          "start": { "line": 1, "column": 9 },
          "end": { "line": 1, "column": 37 }
        }
      }
    },
    "branchMap": {},
    "s": { "0": 2, "1": 6 },
    "f": { "0": 4 },
    "b": {}
  },
  "E:\\Program Files\\VS Code\\egorokunevich-REACT2024Q3\\src\\components\\ResultsList\\ResultsList.tsx": {
    "path": "E:\\Program Files\\VS Code\\egorokunevich-REACT2024Q3\\src\\components\\ResultsList\\ResultsList.tsx",
    "statementMap": {
      "0": {
        "start": { "line": 1, "column": 0 },
        "end": { "line": 1, "column": 35 }
      },
      "1": {
        "start": { "line": 2, "column": 0 },
        "end": { "line": 2, "column": 47 }
      },
      "2": {
        "start": { "line": 13, "column": 2 },
        "end": { "line": 19, "column": 3 }
      },
      "3": {
        "start": { "line": 14, "column": 4 },
        "end": { "line": 18, "column": 6 }
      },
      "4": {
        "start": { "line": 20, "column": 2 },
        "end": { "line": 26, "column": 4 }
      },
      "5": {
        "start": { "line": 23, "column": 8 },
        "end": { "line": 23, "column": 39 }
      },
      "6": {
        "start": { "line": 29, "column": 0 },
        "end": { "line": 29, "column": 27 }
      }
    },
    "fnMap": {
      "0": {
        "name": "ResultsList",
        "decl": {
          "start": { "line": 12, "column": 9 },
          "end": { "line": 12, "column": 20 }
        },
        "loc": {
          "start": { "line": 12, "column": 48 },
          "end": { "line": 27, "column": 1 }
        }
      },
      "1": {
        "name": "(anonymous_2)",
        "decl": {
          "start": { "line": 22, "column": 17 },
          "end": { "line": 22, "column": 18 }
        },
        "loc": {
          "start": { "line": 23, "column": 8 },
          "end": { "line": 23, "column": 39 }
        }
      }
    },
    "branchMap": {
      "0": {
        "loc": {
          "start": { "line": 13, "column": 2 },
          "end": { "line": 19, "column": 3 }
        },
        "type": "if",
        "locations": [
          {
            "start": { "line": 13, "column": 2 },
            "end": { "line": 19, "column": 3 }
          }
        ]
      },
      "1": {
        "loc": {
          "start": { "line": 13, "column": 6 },
          "end": { "line": 13, "column": 40 }
        },
        "type": "binary-expr",
        "locations": [
          {
            "start": { "line": 13, "column": 6 },
            "end": { "line": 13, "column": 12 }
          },
          {
            "start": { "line": 13, "column": 17 },
            "end": { "line": 13, "column": 22 }
          },
          {
            "start": { "line": 13, "column": 26 },
            "end": { "line": 13, "column": 39 }
          }
        ]
      }
    },
    "s": { "0": 1, "1": 1, "2": 2, "3": 1, "4": 1, "5": 2, "6": 1 },
    "f": { "0": 2, "1": 2 },
    "b": { "0": [1], "1": [2, 2, 2] }
  },
  "E:\\Program Files\\VS Code\\egorokunevich-REACT2024Q3\\src\\components\\ResultsList\\index.ts": {
    "path": "E:\\Program Files\\VS Code\\egorokunevich-REACT2024Q3\\src\\components\\ResultsList\\index.ts",
    "statementMap": {
      "0": {
        "start": { "line": 1, "column": 0 },
        "end": { "line": 1, "column": 9 }
      },
      "1": {
        "start": { "line": 1, "column": 9 },
        "end": { "line": 1, "column": 40 }
      }
    },
    "fnMap": {
      "0": {
        "name": "(anonymous_1)",
        "decl": {
          "start": { "line": 1, "column": 9 },
          "end": { "line": 1, "column": 16 }
        },
        "loc": {
          "start": { "line": 1, "column": 9 },
          "end": { "line": 1, "column": 40 }
        }
      }
    },
    "branchMap": {},
    "s": { "0": 1, "1": 3 },
    "f": { "0": 2 },
    "b": {}
  },
  "E:\\Program Files\\VS Code\\egorokunevich-REACT2024Q3\\src\\hooks\\useFetching.ts": {
    "path": "E:\\Program Files\\VS Code\\egorokunevich-REACT2024Q3\\src\\hooks\\useFetching.ts",
    "statementMap": {
      "0": {
        "start": { "line": 1, "column": 0 },
        "end": { "line": 1, "column": 33 }
      },
      "1": {
        "start": { "line": 2, "column": 0 },
        "end": { "line": 2, "column": 38 }
      },
      "2": {
        "start": { "line": 10, "column": 2 },
        "end": { "line": 10, "column": 78 }
      },
      "3": {
        "start": { "line": 13, "column": 27 },
        "end": { "line": 37, "column": 1 }
      },
      "4": {
        "start": { "line": 16, "column": 31 },
        "end": { "line": 16, "column": 55 }
      },
      "5": {
        "start": { "line": 17, "column": 36 },
        "end": { "line": 17, "column": 48 }
      },
      "6": {
        "start": { "line": 18, "column": 35 },
        "end": { "line": 18, "column": 47 }
      },
      "7": {
        "start": { "line": 20, "column": 24 },
        "end": { "line": 34, "column": 4 }
      },
      "8": {
        "start": { "line": 20, "column": 48 },
        "end": { "line": 34, "column": 4 }
      },
      "9": {
        "start": { "line": 21, "column": 4 },
        "end": { "line": 33, "column": 5 }
      },
      "10": {
        "start": { "line": 22, "column": 6 },
        "end": { "line": 22, "column": 30 }
      },
      "11": {
        "start": { "line": 23, "column": 23 },
        "end": { "line": 23, "column": 46 }
      },
      "12": {
        "start": { "line": 24, "column": 6 },
        "end": { "line": 24, "column": 26 }
      },
      "13": {
        "start": { "line": 25, "column": 6 },
        "end": { "line": 25, "column": 30 }
      },
      "14": {
        "start": { "line": 27, "column": 6 },
        "end": { "line": 29, "column": 7 }
      },
      "15": {
        "start": { "line": 28, "column": 8 },
        "end": { "line": 28, "column": 32 }
      },
      "16": {
        "start": { "line": 31, "column": 6 },
        "end": { "line": 31, "column": 28 }
      },
      "17": {
        "start": { "line": 32, "column": 6 },
        "end": { "line": 32, "column": 22 }
      },
      "18": {
        "start": { "line": 36, "column": 2 },
        "end": { "line": 36, "column": 61 }
      },
      "19": {
        "start": { "line": 13, "column": 13 },
        "end": { "line": 13, "column": 27 }
      }
    },
    "fnMap": {
      "0": {
        "name": "isFetchError",
        "decl": {
          "start": { "line": 9, "column": 9 },
          "end": { "line": 9, "column": 21 }
        },
        "loc": {
          "start": { "line": 9, "column": 36 },
          "end": { "line": 11, "column": 1 }
        }
      },
      "1": {
        "name": "(anonymous_9)",
        "decl": {
          "start": { "line": 13, "column": 27 },
          "end": { "line": 13, "column": null }
        },
        "loc": {
          "start": { "line": 15, "column": 4 },
          "end": { "line": 37, "column": 1 }
        }
      },
      "2": {
        "name": "(anonymous_10)",
        "decl": {
          "start": { "line": 20, "column": 24 },
          "end": { "line": 20, "column": 31 }
        },
        "loc": {
          "start": { "line": 20, "column": 48 },
          "end": { "line": 34, "column": 4 }
        }
      },
      "3": {
        "name": "(anonymous_11)",
        "decl": {
          "start": { "line": 20, "column": 48 },
          "end": { "line": 20, "column": null }
        },
        "loc": {
          "start": { "line": 20, "column": 48 },
          "end": { "line": 34, "column": 3 }
        }
      }
    },
    "branchMap": {
      "0": {
        "loc": {
          "start": { "line": 10, "column": 9 },
          "end": { "line": 10, "column": 77 }
        },
        "type": "binary-expr",
        "locations": [
          {
            "start": { "line": 10, "column": 9 },
            "end": { "line": 10, "column": 34 }
          },
          {
            "start": { "line": 10, "column": 38 },
            "end": { "line": 10, "column": 52 }
          },
          {
            "start": { "line": 10, "column": 56 },
            "end": { "line": 10, "column": 77 }
          }
        ]
      },
      "1": {
        "loc": {
          "start": { "line": 27, "column": 6 },
          "end": { "line": 29, "column": 7 }
        },
        "type": "if",
        "locations": [
          {
            "start": { "line": 27, "column": 6 },
            "end": { "line": 29, "column": 7 }
          }
        ]
      }
    },
    "s": {
      "0": 2,
      "1": 2,
      "2": 0,
      "3": 2,
      "4": 8,
      "5": 8,
      "6": 8,
      "7": 8,
      "8": 4,
      "9": 4,
      "10": 4,
      "11": 4,
      "12": 0,
      "13": 0,
      "14": 0,
      "15": 0,
      "16": 0,
      "17": 0,
      "18": 8,
      "19": 2
    },
    "f": { "0": 0, "1": 8, "2": 4, "3": 4 },
    "b": { "0": [0, 0, 0], "1": [0] }
  },
  "E:\\Program Files\\VS Code\\egorokunevich-REACT2024Q3\\src\\hooks\\useLoading.ts": {
    "path": "E:\\Program Files\\VS Code\\egorokunevich-REACT2024Q3\\src\\hooks\\useLoading.ts",
    "statementMap": {
      "0": {
        "start": { "line": 1, "column": 0 },
        "end": { "line": 1, "column": 33 }
      },
      "1": {
        "start": { "line": 3, "column": 19 },
        "end": { "line": 9, "column": 1 }
      },
      "2": {
        "start": { "line": 4, "column": 32 },
        "end": { "line": 6, "column": 11 }
      },
      "3": {
        "start": { "line": 8, "column": 2 },
        "end": { "line": 8, "column": 40 }
      },
      "4": {
        "start": { "line": 10, "column": 0 },
        "end": { "line": 10, "column": 26 }
      }
    },
    "fnMap": {
      "0": {
        "name": "(anonymous_0)",
        "decl": {
          "start": { "line": 3, "column": 19 },
          "end": { "line": 3, "column": 22 }
        },
        "loc": {
          "start": { "line": 3, "column": 24 },
          "end": { "line": 9, "column": 1 }
        }
      }
    },
    "branchMap": {},
    "s": { "0": 2, "1": 2, "2": 8, "3": 8, "4": 2 },
    "f": { "0": 8 },
    "b": {}
  },
  "E:\\Program Files\\VS Code\\egorokunevich-REACT2024Q3\\src\\utils\\CapitalizeFirstLetter.ts": {
    "path": "E:\\Program Files\\VS Code\\egorokunevich-REACT2024Q3\\src\\utils\\CapitalizeFirstLetter.ts",
    "statementMap": {
      "0": {
        "start": { "line": 1, "column": 37 },
        "end": { "line": 3, "column": 1 }
      },
      "1": {
        "start": { "line": 2, "column": 2 },
        "end": { "line": 2, "column": 54 }
      },
      "2": {
        "start": { "line": 1, "column": 13 },
        "end": { "line": 1, "column": 37 }
      }
    },
    "fnMap": {
      "0": {
        "name": "(anonymous_0)",
        "decl": {
          "start": { "line": 1, "column": 37 },
          "end": { "line": 1, "column": 38 }
        },
        "loc": {
          "start": { "line": 1, "column": 54 },
          "end": { "line": 3, "column": 1 }
        }
      }
    },
    "branchMap": {},
    "s": { "0": 1, "1": 3, "2": 1 },
    "f": { "0": 3 },
    "b": {}
  },
  "E:\\Program Files\\VS Code\\egorokunevich-REACT2024Q3\\src\\utils\\GetPagesCount.ts": {
    "path": "E:\\Program Files\\VS Code\\egorokunevich-REACT2024Q3\\src\\utils\\GetPagesCount.ts",
    "statementMap": {
      "0": {
        "start": { "line": 1, "column": 29 },
        "end": { "line": 3, "column": 1 }
      },
      "1": {
        "start": { "line": 2, "column": 2 },
        "end": { "line": 2, "column": 39 }
      },
      "2": {
        "start": { "line": 1, "column": 13 },
        "end": { "line": 1, "column": 29 }
      }
    },
    "fnMap": {
      "0": {
        "name": "(anonymous_0)",
        "decl": {
          "start": { "line": 1, "column": 29 },
          "end": { "line": 1, "column": 30 }
        },
        "loc": {
          "start": { "line": 1, "column": 67 },
          "end": { "line": 3, "column": 1 }
        }
      }
    },
    "branchMap": {},
    "s": { "0": 1, "1": 3, "2": 1 },
    "f": { "0": 3 },
    "b": {}
  }
}
