TN:
SF:src\api\reduxApi.ts
FN:35,(anonymous_0)
FN:37,(anonymous_1)
FN:40,(anonymous_2)
FN:57,(anonymous_3)
FNF:4
FNH:4
FNDA:4,(anonymous_0)
FNDA:14,(anonymous_1)
FNDA:2,(anonymous_2)
FNDA:3,(anonymous_3)
DA:1,4
DA:30,4
DA:35,4
DA:37,14
DA:41,2
DA:57,3
DA:68,4
LF:7
LH:7
BRDA:58,0,0,3
BRDA:58,0,1,3
BRF:2
BRH:2
end_of_record
TN:
SF:src\components\Buttons\Button\Button.tsx
FN:9,Button
FNF:1
FNH:1
FNDA:2,Button
DA:1,5
DA:10,2
DA:23,5
LF:3
LH:3
BRF:0
BRH:0
end_of_record
TN:
SF:src\components\Buttons\Button\index.ts
FN:1,(anonymous_1)
FNF:1
FNH:1
FNDA:2,(anonymous_1)
DA:1,7
LF:1
LH:1
BRF:0
BRH:0
end_of_record
TN:
SF:src\components\Flyout\Flyout.tsx
FN:13,(anonymous_2)
FN:14,(anonymous_3)
FN:22,(anonymous_4)
FN:23,(anonymous_5)
FN:34,(anonymous_6)
FN:42,(anonymous_7)
FN:54,(anonymous_8)
FNF:7
FNH:6
FNDA:1,(anonymous_2)
FNDA:1,(anonymous_3)
FNDA:1,(anonymous_4)
FNDA:4,(anonymous_5)
FNDA:1,(anonymous_6)
FNDA:1,(anonymous_7)
FNDA:0,(anonymous_8)
DA:1,4
DA:2,4
DA:3,4
DA:4,4
DA:5,4
DA:13,4
DA:14,1
DA:16,1
DA:17,1
DA:20,1
DA:22,1
DA:23,1
DA:24,4
DA:25,4
DA:29,1
DA:31,1
DA:34,4
DA:35,1
DA:37,1
DA:39,1
DA:42,4
DA:43,1
DA:45,1
DA:54,0
DA:70,4
LF:25
LH:24
BRDA:24,0,0,4
BRDA:24,1,0,4
BRDA:24,1,1,3
BRF:3
BRH:3
end_of_record
TN:
SF:src\components\Flyout\index.ts
FN:1,(anonymous_1)
FNF:1
FNH:1
FNDA:1,(anonymous_1)
DA:1,5
LF:1
LH:1
BRF:0
BRH:0
end_of_record
TN:
SF:src\components\Header\Header.tsx
FN:4,(anonymous_1)
FNF:1
FNH:1
FNDA:1,(anonymous_1)
DA:2,1
DA:4,1
DA:5,1
DA:12,1
LF:4
LH:4
BRF:0
BRH:0
end_of_record
TN:
SF:src\components\Header\index.ts
FN:1,(anonymous_1)
FNF:1
FNH:1
FNDA:1,(anonymous_1)
DA:1,2
LF:1
LH:1
BRF:0
BRH:0
end_of_record
TN:
SF:src\components\Loader\Loader.tsx
FN:3,Loader
FNF:1
FNH:1
FNDA:35,Loader
DA:1,3
DA:4,35
DA:12,3
LF:3
LH:3
BRF:0
BRH:0
end_of_record
TN:
SF:src\components\Loader\index.ts
FN:1,(anonymous_1)
FNF:1
FNH:1
FNDA:35,(anonymous_1)
DA:1,38
LF:1
LH:1
BRF:0
BRH:0
end_of_record
TN:
SF:src\components\Pagination\PageButton.tsx
FN:10,(anonymous_1)
FN:19,(anonymous_2)
FNF:2
FNH:2
FNDA:19,(anonymous_1)
FNDA:1,(anonymous_2)
DA:1,4
DA:2,4
DA:10,4
DA:11,19
DA:12,19
DA:20,1
DA:21,1
DA:22,0
DA:32,4
LF:9
LH:8
BRDA:16,0,0,2
BRDA:16,0,1,17
BRDA:17,1,0,2
BRDA:17,1,1,17
BRDA:21,2,0,0
BRF:5
BRH:4
end_of_record
TN:
SF:src\components\Pagination\Pagination.tsx
FN:11,(anonymous_1)
FN:22,(anonymous_2)
FNF:2
FNH:2
FNDA:2,(anonymous_1)
FNDA:18,(anonymous_2)
DA:1,3
DA:2,3
DA:3,3
DA:11,3
DA:12,2
DA:14,2
DA:19,2
DA:23,18
DA:35,3
LF:9
LH:9
BRDA:22,0,0,0
BRDA:22,0,1,2
BRDA:22,1,0,2
BRDA:22,1,1,2
BRF:4
BRH:3
end_of_record
TN:
SF:src\components\Pagination\index.ts
FN:1,(anonymous_1)
FNF:1
FNH:1
FNDA:2,(anonymous_1)
DA:1,5
LF:1
LH:1
BRF:0
BRH:0
end_of_record
TN:
SF:src\components\PokeCard\PokeCard.tsx
FN:13,PokeCard
FN:30,(anonymous_2)
FN:50,(anonymous_3)
FN:58,(anonymous_4)
FN:64,(anonymous_5)
FNF:5
FNH:3
FNDA:32,PokeCard
FNDA:4,(anonymous_2)
FNDA:1,(anonymous_3)
FNDA:0,(anonymous_4)
FNDA:0,(anonymous_5)
DA:1,3
DA:2,3
DA:3,3
DA:4,3
DA:5,3
DA:6,3
DA:14,32
DA:16,32
DA:18,32
DA:19,32
DA:20,32
DA:22,32
DA:23,28
DA:30,4
DA:31,4
DA:32,4
DA:39,0
DA:47,4
DA:51,1
DA:52,1
DA:58,0
DA:65,0
DA:66,0
DA:79,3
LF:24
LH:20
BRDA:19,0,0,32
BRDA:19,0,1,32
BRDA:22,1,0,28
BRDA:31,2,0,4
BRDA:69,3,0,4
BRDA:69,3,1,0
BRF:6
BRH:5
end_of_record
TN:
SF:src\components\PokeCard\index.ts
FN:1,(anonymous_1)
FNF:1
FNH:1
FNDA:16,(anonymous_1)
DA:1,19
LF:1
LH:1
BRF:0
BRH:0
end_of_record
TN:
SF:src\components\ResultsList\ResultsList.tsx
FN:11,ResultsList
FN:21,(anonymous_2)
FN:26,(anonymous_3)
FNF:3
FNH:2
FNDA:7,ResultsList
FNDA:15,(anonymous_2)
FNDA:0,(anonymous_3)
DA:2,3
DA:3,3
DA:4,3
DA:5,3
DA:12,7
DA:14,7
DA:15,3
DA:19,4
DA:22,15
DA:26,0
DA:34,3
LF:11
LH:10
BRDA:14,0,0,3
BRF:1
BRH:1
end_of_record
TN:
SF:src\components\ResultsList\index.ts
FN:1,(anonymous_1)
FNF:1
FNH:1
FNDA:7,(anonymous_1)
DA:1,10
LF:1
LH:1
BRF:0
BRH:0
end_of_record
TN:
SF:src\components\SearchBar\SearchBar.tsx
FN:9,SearchBar
FN:14,(anonymous_8)
FN:26,(anonymous_9)
FN:29,(anonymous_10)
FN:40,(anonymous_11)
FNF:5
FNH:1
FNDA:7,SearchBar
FNDA:0,(anonymous_8)
FNDA:0,(anonymous_9)
FNDA:0,(anonymous_10)
FNDA:0,(anonymous_11)
DA:1,3
DA:2,3
DA:3,3
DA:10,7
DA:11,7
DA:12,7
DA:14,7
DA:15,0
DA:16,0
DA:19,7
DA:27,0
DA:30,0
DA:31,0
DA:32,0
DA:41,0
DA:57,3
LF:16
LH:9
BRDA:12,0,0,0
BRDA:12,0,1,7
BRDA:30,1,0,0
BRDA:31,2,0,0
BRF:4
BRH:1
end_of_record
TN:
SF:src\components\SearchBar\index.ts
FN:1,(anonymous_1)
FNF:1
FNH:1
FNDA:7,(anonymous_1)
DA:1,10
LF:1
LH:1
BRF:0
BRH:0
end_of_record
TN:
SF:src\hooks\reduxHooks.ts
FNF:0
FNH:0
DA:1,4
DA:4,4
DA:5,4
LF:3
LH:3
BRF:0
BRH:0
end_of_record
TN:
SF:src\hooks\useLocalStorage.tsx
FN:3,(anonymous_0)
FN:8,useLocalStorage
FN:17,(anonymous_2)
FNF:3
FNH:2
FNDA:3,(anonymous_0)
FNDA:21,useLocalStorage
FNDA:0,(anonymous_2)
DA:1,3
DA:3,3
DA:4,3
DA:5,3
DA:8,3
DA:12,21
DA:17,21
DA:18,0
DA:21,21
LF:9
LH:8
BRDA:3,0,0,3
BRDA:3,0,1,3
BRDA:13,1,0,21
BRDA:13,1,1,21
BRF:4
BRH:4
end_of_record
TN:
SF:src\hooks\usePagination.tsx
FN:3,(anonymous_0)
FN:8,(anonymous_1)
FN:19,(anonymous_2)
FN:22,(anonymous_3)
FNF:4
FNH:4
FNDA:9,(anonymous_0)
FNDA:38,(anonymous_1)
FNDA:6,(anonymous_2)
FNDA:6,(anonymous_3)
DA:3,4
DA:4,9
DA:5,3
DA:7,6
DA:8,38
DA:16,4
DA:17,4
DA:19,4
DA:20,6
DA:22,6
DA:23,6
DA:25,6
DA:26,1
DA:29,5
DA:33,5
DA:38,5
DA:40,5
DA:42,5
DA:43,5
DA:45,5
DA:47,3
DA:48,3
DA:50,3
DA:53,2
DA:55,1
DA:56,1
DA:60,1
DA:63,1
DA:64,1
DA:65,1
DA:69,6
LF:31
LH:31
BRDA:4,0,0,3
BRDA:25,1,0,1
BRDA:45,2,0,3
BRDA:45,3,0,5
BRDA:45,3,1,3
BRDA:53,4,0,1
BRDA:53,5,0,2
BRDA:53,5,1,2
BRDA:63,6,0,1
BRDA:63,7,0,1
BRDA:63,7,1,1
BRF:11
BRH:11
end_of_record
TN:
SF:src\hooks\useTabTitle.tsx
FN:1,(anonymous_0)
FN:7,(anonymous_1)
FNF:2
FNH:2
FNDA:3,(anonymous_0)
FNDA:14,(anonymous_1)
DA:1,3
DA:2,3
DA:3,3
DA:4,3
DA:7,3
DA:8,14
DA:11,3
LF:7
LH:7
BRDA:1,0,0,3
BRDA:1,0,1,3
BRDA:8,1,0,0
BRDA:8,1,1,14
BRF:4
BRH:3
end_of_record
TN:
SF:src\pages\SearchPage\SearchPage.tsx
FN:21,(anonymous_7)
FN:24,SearchPage
FN:39,(anonymous_9)
FN:56,(anonymous_10)
FN:83,(anonymous_11)
FN:89,(anonymous_12)
FN:104,(anonymous_13)
FNF:7
FNH:4
FNDA:14,(anonymous_7)
FNDA:14,SearchPage
FNDA:0,(anonymous_9)
FNDA:8,(anonymous_10)
FNDA:1,(anonymous_11)
FNDA:0,(anonymous_12)
FNDA:0,(anonymous_13)
DA:1,3
DA:2,3
DA:3,3
DA:4,3
DA:5,3
DA:6,3
DA:7,3
DA:8,3
DA:9,3
DA:10,3
DA:11,3
DA:12,3
DA:16,3
DA:17,3
DA:19,3
DA:21,3
DA:22,14
DA:25,14
DA:26,14
DA:28,14
DA:33,14
DA:35,14
DA:37,14
DA:39,14
DA:40,0
DA:47,14
DA:53,14
DA:54,14
DA:56,14
DA:57,8
DA:58,4
DA:62,4
DA:64,0
DA:67,8
DA:68,0
DA:72,14
DA:73,7
DA:76,7
DA:78,7
DA:84,1
DA:90,0
DA:105,0
DA:121,3
LF:43
LH:38
BRDA:21,0,0,0
BRDA:26,1,0,14
BRDA:26,1,1,14
BRDA:57,2,0,4
BRDA:58,3,0,4
BRDA:58,3,1,0
BRDA:59,4,0,4
BRDA:59,4,1,4
BRDA:59,5,0,0
BRDA:59,5,1,4
BRDA:59,6,0,4
BRDA:59,6,1,4
BRDA:67,7,0,0
BRDA:72,8,0,7
BRDA:76,9,0,7
BRDA:76,9,1,7
BRDA:76,10,0,0
BRDA:76,10,1,7
BRDA:76,11,0,7
BRDA:76,11,1,7
BRDA:76,12,0,0
BRDA:76,12,1,7
BRDA:76,13,0,7
BRDA:76,13,1,7
BRDA:93,14,0,0
BRDA:93,14,1,7
BRDA:98,15,0,7
BRDA:98,15,1,2
BRDA:113,16,0,7
BRDA:113,16,1,0
BRF:30
BRH:22
end_of_record
TN:
SF:src\pages\SearchPage\index.ts
FN:1,(anonymous_1)
FNF:1
FNH:1
FNDA:5,(anonymous_1)
DA:1,8
LF:1
LH:1
BRF:0
BRH:0
end_of_record
TN:
SF:src\store\index.ts
FN:10,(anonymous_1)
FNF:1
FNH:1
FNDA:4,(anonymous_1)
DA:1,4
DA:2,4
DA:3,4
DA:5,4
DA:11,4
LF:5
LH:5
BRF:0
BRH:0
end_of_record
TN:
SF:src\store\pokemonsSlice.ts
FN:20,(anonymous_0)
FN:23,(anonymous_1)
FN:25,(anonymous_2)
FN:30,(anonymous_3)
FN:36,(anonymous_4)
FN:39,(anonymous_5)
FNF:6
FNH:1
FNDA:4,(anonymous_0)
FNDA:0,(anonymous_1)
FNDA:0,(anonymous_2)
FNDA:0,(anonymous_3)
FNDA:0,(anonymous_4)
FNDA:0,(anonymous_5)
DA:2,4
DA:10,4
DA:16,4
DA:21,4
DA:24,0
DA:25,0
DA:28,0
DA:29,0
DA:30,0
DA:33,0
DA:37,0
DA:40,0
DA:45,4
DA:52,4
LF:14
LH:6
BRDA:28,0,0,0
BRDA:28,0,1,0
BRF:2
BRH:0
end_of_record
TN:
SF:src\store\selectors.ts
FN:3,(anonymous_0)
FN:6,(anonymous_1)
FNF:2
FNH:2
FNDA:39,(anonymous_0)
FNDA:62,(anonymous_1)
DA:3,3
DA:4,39
DA:6,3
DA:7,62
LF:4
LH:4
BRF:0
BRH:0
end_of_record
TN:
SF:src\tests\mocks\handlers.ts
FN:5,(anonymous_7)
FN:5,(anonymous_8)
FN:9,(anonymous_9)
FN:9,(anonymous_10)
FNF:4
FNH:4
FNDA:2,(anonymous_7)
FNDA:2,(anonymous_8)
FNDA:2,(anonymous_9)
FNDA:2,(anonymous_10)
DA:1,2
DA:2,2
DA:4,2
DA:5,2
DA:6,2
DA:7,2
DA:9,2
DA:10,2
DA:11,2
LF:9
LH:9
BRF:0
BRH:0
end_of_record
TN:
SF:src\tests\mocks\mockedPokemon.ts
FNF:0
FNH:0
DA:3,3
DA:22,3
LF:2
LH:2
BRF:0
BRH:0
end_of_record
TN:
SF:src\tests\mocks\server.ts
FNF:0
FNH:0
DA:1,2
DA:2,2
DA:4,2
LF:3
LH:3
BRF:0
BRH:0
end_of_record
TN:
SF:src\utils\CapitalizeFirstLetter.ts
FN:1,(anonymous_0)
FNF:1
FNH:1
FNDA:3,(anonymous_0)
DA:1,1
DA:2,3
LF:2
LH:2
BRF:0
BRH:0
end_of_record
TN:
SF:src\utils\GetPagesCount.ts
FN:1,(anonymous_0)
FNF:1
FNH:1
FNDA:3,(anonymous_0)
DA:1,1
DA:2,3
LF:2
LH:2
BRF:0
BRH:0
end_of_record
