TN:
SF:src\api\PokeApi.ts
FN:29,(anonymous_8)
FN:35,(anonymous_10)
FN:40,(anonymous_12)
FN:40,(anonymous_13)
FN:48,(anonymous_14)
FNF:5
FNH:1
FNDA:0,(anonymous_8)
FNDA:4,(anonymous_10)
FNDA:0,(anonymous_12)
FNDA:0,(anonymous_13)
FNDA:0,(anonymous_14)
DA:1,2
DA:24,2
DA:25,2
DA:30,0
DA:32,0
DA:36,4
DA:37,0
DA:40,0
DA:41,0
DA:48,0
LF:10
LH:4
BRDA:40,0,0,0
BRDA:40,1,0,0
BRF:2
BRH:0
end_of_record
TN:
SF:src\components\Loader\Loader.tsx
FN:3,Loader
FNF:1
FNH:1
FNDA:8,Loader
DA:1,2
DA:4,8
DA:12,2
LF:3
LH:3
BRF:0
BRH:0
end_of_record
TN:
SF:src\components\Loader\index.ts
FN:1,(anonymous_1)
FNF:1
FNH:1
FNDA:8,(anonymous_1)
DA:1,10
LF:1
LH:1
BRF:0
BRH:0
end_of_record
TN:
SF:src\components\PokeCard\PokeCard.tsx
FN:12,PokeCard
FN:13,(anonymous_9)
FN:13,(anonymous_10)
FN:20,(anonymous_11)
FN:29,(anonymous_12)
FN:49,(anonymous_13)
FNF:6
FNH:4
FNDA:8,PokeCard
FNDA:4,(anonymous_9)
FNDA:4,(anonymous_10)
FNDA:4,(anonymous_11)
FNDA:0,(anonymous_12)
FNDA:0,(anonymous_13)
DA:1,2
DA:2,2
DA:3,2
DA:4,2
DA:5,2
DA:6,2
DA:13,8
DA:14,4
DA:16,8
DA:17,8
DA:18,8
DA:20,8
DA:21,4
DA:24,8
DA:25,8
DA:28,0
DA:29,0
DA:30,0
DA:31,0
DA:38,0
DA:46,0
DA:50,0
DA:51,0
DA:63,2
LF:24
LH:16
BRDA:17,0,0,8
BRDA:17,0,1,8
BRDA:24,1,0,8
BRDA:24,2,0,8
BRDA:24,2,1,0
BRDA:24,3,0,8
BRDA:24,3,1,0
BRDA:30,4,0,0
BRF:8
BRH:5
end_of_record
TN:
SF:src\components\PokeCard\index.ts
FN:1,(anonymous_1)
FNF:1
FNH:1
FNDA:4,(anonymous_1)
DA:1,6
LF:1
LH:1
BRF:0
BRH:0
end_of_record
TN:
SF:src\components\ResultsList\ResultsList.tsx
FN:12,ResultsList
FN:22,(anonymous_2)
FNF:2
FNH:2
FNDA:2,ResultsList
FNDA:2,(anonymous_2)
DA:1,1
DA:2,1
DA:13,2
DA:14,1
DA:20,1
DA:23,2
DA:29,1
LF:7
LH:7
BRDA:13,0,0,1
BRDA:13,1,0,2
BRDA:13,1,1,2
BRDA:13,1,2,2
BRF:4
BRH:4
end_of_record
TN:
SF:src\components\ResultsList\index.ts
FN:1,(anonymous_1)
FNF:1
FNH:1
FNDA:2,(anonymous_1)
DA:1,3
LF:1
LH:1
BRF:0
BRH:0
end_of_record
TN:
SF:src\hooks\useFetching.ts
FN:9,isFetchError
FN:13,(anonymous_9)
FN:20,(anonymous_10)
FN:20,(anonymous_11)
FNF:4
FNH:3
FNDA:0,isFetchError
FNDA:8,(anonymous_9)
FNDA:4,(anonymous_10)
FNDA:4,(anonymous_11)
DA:1,2
DA:2,2
DA:10,0
DA:13,2
DA:16,8
DA:17,8
DA:18,8
DA:20,8
DA:21,4
DA:22,4
DA:23,4
DA:24,0
DA:25,0
DA:27,0
DA:28,0
DA:31,0
DA:32,0
DA:36,8
LF:18
LH:11
BRDA:10,0,0,0
BRDA:10,0,1,0
BRDA:10,0,2,0
BRDA:27,1,0,0
BRF:4
BRH:0
end_of_record
TN:
SF:src\hooks\useLoading.ts
FN:3,(anonymous_0)
FNF:1
FNH:1
FNDA:8,(anonymous_0)
DA:1,2
DA:3,2
DA:4,8
DA:8,8
DA:10,2
LF:5
LH:5
BRF:0
BRH:0
end_of_record
TN:
SF:src\utils\CapitalizeFirstLetter.ts
FN:1,(anonymous_0)
FNF:1
FNH:1
FNDA:3,(anonymous_0)
DA:1,1
DA:2,3
LF:2
LH:2
BRF:0
BRH:0
end_of_record
TN:
SF:src\utils\GetPagesCount.ts
FN:1,(anonymous_0)
FNF:1
FNH:1
FNDA:3,(anonymous_0)
DA:1,1
DA:2,3
LF:2
LH:2
BRF:0
BRH:0
end_of_record
